[2022-09-05 08:54:37] production.ERROR: SQLSTATE[22007]: Invalid datetime format: 1366 Incorrect integer value: ''' for column `u203739344_paranaluto`.`ctapagars`.`cd_agencia` at row 1 (SQL: insert into `ctapagars` (`id_fornecedor`, `nm_fornecedor`, `nr_documento`, `nr_parcela`, `dt_vencimento`, `dt_pagamento`, `vl_apagar`, `vl_pago`, `vl_juros`, `vl_multa`, `vl_desconto`, `id_tppagamento`, `id_banco`, `id_planoconta`, `cd_agencia`, `nr_conta`, `nr_cheque`, `st_status`, `ds_historico`, `nm_obs`, `id_user`, `created_at`, `updated_at`) values (255, LANCHE PARA VELORIO, 0718/1, 1, 2022-08-10 00:00:00, ?, 687.62, ?, ?, ?, ?, 4, 2, 90, ', ?, ?, 0, REF À 06/22, , 17, 2022-09-05 08:54:37, 2022-09-05 08:54:37)) {"userId":17,"exception":"[object] (Illuminate\\Database\\QueryException(code: 22007): SQLSTATE[22007]: Invalid datetime format: 1366 Incorrect integer value: ''' for column `u203739344_paranaluto`.`ctapagars`.`cd_agencia` at row 1 (SQL: insert into `ctapagars` (`id_fornecedor`, `nm_fornecedor`, `nr_documento`, `nr_parcela`, `dt_vencimento`, `dt_pagamento`, `vl_apagar`, `vl_pago`, `vl_juros`, `vl_multa`, `vl_desconto`, `id_tppagamento`, `id_banco`, `id_planoconta`, `cd_agencia`, `nr_conta`, `nr_cheque`, `st_status`, `ds_historico`, `nm_obs`, `id_user`, `created_at`, `updated_at`) values (255, LANCHE PARA VELORIO, 0718/1, 1, 2022-08-10 00:00:00, ?, 687.62, ?, ?, ?, ?, 4, 2, 90, ', ?, ?, 0, REF À 06/22, , 17, 2022-09-05 08:54:37, 2022-09-05 08:54:37)) at /home/u203739344/domains/erpvip.com.br/public_html/paranaluto/vendor/laravel/framework/src/Illuminate/Database/Connection.php:664, PDOException(code: 22007): SQLSTATE[22007]: Invalid datetime format: 1366 Incorrect integer value: ''' for column `u203739344_paranaluto`.`ctapagars`.`cd_agencia` at row 1 at /home/u203739344/domains/erpvip.com.br/public_html/paranaluto/vendor/laravel/framework/src/Illuminate/Database/Connection.php:458)
[stacktrace]
#0 /home/u203739344/domains/erpvip.com.br/public_html/paranaluto/vendor/laravel/framework/src/Illuminate/Database/Connection.php(624): Illuminate\\Database\\Connection->runQueryCallback('insert into `ct...', Array, Object(Closure))
#1 /home/u203739344/domains/erpvip.com.br/public_html/paranaluto/vendor/laravel/framework/src/Illuminate/Database/Connection.php(459): Illuminate\\Database\\Connection->run('insert into `ct...', Array, Object(Closure))
#2 /home/u203739344/domains/erpvip.com.br/public_html/paranaluto/vendor/laravel/framework/src/Illuminate/Database/Connection.php(411): Illuminate\\Database\\Connection->statement('insert into `ct...', Array)
#3 /home/u203739344/domains/erpvip.com.br/public_html/paranaluto/vendor/laravel/framework/src/Illuminate/Database/Query/Processors/Processor.php(32): Illuminate\\Database\\Connection->insert('insert into `ct...', Array)
#4 /home/u203739344/domains/erpvip.com.br/public_html/paranaluto/vendor/laravel/framework/src/Illuminate/Database/Query/Builder.php(2690): Illuminate\\Database\\Query\\Processors\\Processor->processInsertGetId(Object(Illuminate\\Database\\Query\\Builder), 'insert into `ct...', Array, 'id_ctapagar')
#5 /home/u203739344/domains/erpvip.com.br/public_html/paranaluto/vendor/laravel/framework/src/Illuminate/Database/Eloquent/Builder.php(1353): Illuminate\\Database\\Query\\Builder->insertGetId(Array, 'id_ctapagar')
#6 /home/u203739344/domains/erpvip.com.br/public_html/paranaluto/vendor/laravel/framework/src/Illuminate/Database/Eloquent/Model.php(839): Illuminate\\Database\\Eloquent\\Builder->__call('insertGetId', Array)
#7 /home/u203739344/domains/erpvip.com.br/public_html/paranaluto/vendor/laravel/framework/src/Illuminate/Database/Eloquent/Model.php(804): Illuminate\\Database\\Eloquent\\Model->insertAndSetId(Object(Illuminate\\Database\\Eloquent\\Builder), Array)
#8 /home/u203739344/domains/erpvip.com.br/public_html/paranaluto/vendor/laravel/framework/src/Illuminate/Database/Eloquent/Model.php(667): Illuminate\\Database\\Eloquent\\Model->performInsert(Object(Illuminate\\Database\\Eloquent\\Builder))
#9 /home/u203739344/domains/erpvip.com.br/public_html/paranaluto/app/Http/Controllers/CtapagarController.php(125): Illuminate\\Database\\Eloquent\\Model->save()
#10 [internal function]: App\\Http\\Controllers\\CtapagarController->store(Object(App\\Http\\Requests\\CtapagarRequest))
#11 /home/u203739344/domains/erpvip.com.br/public_html/paranaluto/vendor/laravel/framework/src/Illuminate/Routing/Controller.php(54): call_user_func_array(Array, Array)
#12 /home/u203739344/domains/erpvip.com.br/public_html/paranaluto/vendor/laravel/framework/src/Illuminate/Routing/ControllerDispatcher.php(45): Illuminate\\Routing\\Controller->callAction('store', Array)
#13 /home/u203739344/domains/erpvip.com.br/public_html/paranaluto/vendor/laravel/framework/src/Illuminate/Routing/Route.php(219): Illuminate\\Routing\\ControllerDispatcher->dispatch(Object(Illuminate\\Routing\\Route), Object(App\\Http\\Controllers\\CtapagarController), 'store')
#14 /home/u203739344/domains/erpvip.com.br/public_html/paranaluto/vendor/laravel/framework/src/Illuminate/Routing/Route.php(176): Illuminate\\Routing\\Route->runController()
#15 /home/u203739344/domains/erpvip.com.br/public_html/paranaluto/vendor/laravel/framework/src/Illuminate/Routing/Router.php(680): Illuminate\\Routing\\Route->run()
#16 /home/u203739344/domains/erpvip.com.br/public_html/paranaluto/vendor/laravel/framework/src/Illuminate/Routing/Pipeline.php(30): Illuminate\\Routing\\Router->Illuminate\\Routing\\{closure}(Object(Illuminate\\Http\\Request))
#17 /home/u203739344/domains/erpvip.com.br/public_html/paranaluto/vendor/laravel/framework/src/Illuminate/Routing/Middleware/SubstituteBindings.php(41): Illuminate\\Routing\\Pipeline->Illuminate\\Routing\\{closure}(Object(Illuminate\\Http\\Request))
#18 /home/u203739344/domains/erpvip.com.br/public_html/paranaluto/vendor/laravel/framework/src/Illuminate/Pipeline/Pipeline.php(163): Illuminate\\Routing\\Middleware\\SubstituteBindings->handle(Object(Illuminate\\Http\\Request), Object(Closure))
#19 /home/u203739344/domains/erpvip.com.br/public_html/paranaluto/vendor/laravel/framework/src/Illuminate/Routing/Pipeline.php(53): Illuminate\\Pipeline\\Pipeline->Illuminate\\Pipeline\\{closure}(Object(Illuminate\\Http\\Request))
#20 /home/u203739344/domains/erpvip.com.br/public_html/paranaluto/vendor/laravel/framework/src/Illuminate/Auth/Middleware/Authenticate.php(43): Illuminate\\Routing\\Pipeline->Illuminate\\Routing\\{closure}(Object(Illuminate\\Http\\Request))
#21 /home/u203739344/domains/erpvip.com.br/public_html/paranaluto/vendor/laravel/framework/src/Illuminate/Pipeline/Pipeline.php(163): Illuminate\\Auth\\Middleware\\Authenticate->handle(Object(Illuminate\\Http\\Request), Object(Closure))
#22 /home/u203739344/domains/erpvip.com.br/public_html/paranaluto/vendor/laravel/framework/src/Illuminate/Routing/Pipeline.php(53): Illuminate\\Pipeline\\Pipeline->Illuminate\\Pipeline\\{closure}(Object(Illuminate\\Http\\Request))
#23 /home/u203739344/domains/erpvip.com.br/public_html/paranaluto/vendor/laravel/framework/src/Illuminate/Foundation/Http/Middleware/VerifyCsrfToken.php(75): Illuminate\\Routing\\Pipeline->Illuminate\\Routing\\{closure}(Object(Illuminate\\Http\\Request))
#24 /home/u203739344/domains/erpvip.com.br/public_html/paranaluto/vendor/laravel/framework/src/Illuminate/Pipeline/Pipeline.php(163): Illuminate\\Foundation\\Http\\Middleware\\VerifyCsrfToken->handle(Object(Illuminate\\Http\\Request), Object(Closure))
#25 /home/u203739344/domains/erpvip.com.br/public_html/paranaluto/vendor/laravel/framework/src/Illuminate/Routing/Pipeline.php(53): Illuminate\\Pipeline\\Pipeline->Illuminate\\Pipeline\\{closure}(Object(Illuminate\\Http\\Request))
#26 /home/u203739344/domains/erpvip.com.br/public_html/paranaluto/vendor/laravel/framework/src/Illuminate/View/Middleware/ShareErrorsFromSession.php(49): Illuminate\\Routing\\Pipeline->Illuminate\\Routing\\{closure}(Object(Illuminate\\Http\\Request))
#27 /home/u203739344/domains/erpvip.com.br/public_html/paranaluto/vendor/laravel/framework/src/Illuminate/Pipeline/Pipeline.php(163): Illuminate\\View\\Middleware\\ShareErrorsFromSession->handle(Object(Illuminate\\Http\\Request), Object(Closure))
#28 /home/u203739344/domains/erpvip.com.br/public_html/paranaluto/vendor/laravel/framework/src/Illuminate/Routing/Pipeline.php(53): Illuminate\\Pipeline\\Pipeline->Illuminate\\Pipeline\\{closure}(Object(Illuminate\\Http\\Request))
#29 /home/u203739344/domains/erpvip.com.br/public_html/paranaluto/vendor/laravel/framework/src/Illuminate/Session/Middleware/StartSession.php(56): Illuminate\\Routing\\Pipeline->Illuminate\\Routing\\{closure}(Object(Illuminate\\Http\\Request))
#30 /home/u203739344/domains/erpvip.com.br/public_html/paranaluto/vendor/laravel/framework/src/Illuminate/Pipeline/Pipeline.php(163): Illuminate\\Session\\Middleware\\StartSession->handle(Object(Illuminate\\Http\\Request), Object(Closure))
#31 /home/u203739344/domains/erpvip.com.br/public_html/paranaluto/vendor/laravel/framework/src/Illuminate/Routing/Pipeline.php(53): Illuminate\\Pipeline\\Pipeline->Illuminate\\Pipeline\\{closure}(Object(Illuminate\\Http\\Request))
#32 /home/u203739344/domains/erpvip.com.br/public_html/paranaluto/vendor/laravel/framework/src/Illuminate/Cookie/Middleware/AddQueuedCookiesToResponse.php(37): Illuminate\\Routing\\Pipeline->Illuminate\\Routing\\{closure}(Object(Illuminate\\Http\\Request))
#33 /home/u203739344/domains/erpvip.com.br/public_html/paranaluto/vendor/laravel/framework/src/Illuminate/Pipeline/Pipeline.php(163): Illuminate\\Cookie\\Middleware\\AddQueuedCookiesToResponse->handle(Object(Illuminate\\Http\\Request), Object(Closure))
#34 /home/u203739344/domains/erpvip.com.br/public_html/paranaluto/vendor/laravel/framework/src/Illuminate/Routing/Pipeline.php(53): Illuminate\\Pipeline\\Pipeline->Illuminate\\Pipeline\\{closure}(Object(Illuminate\\Http\\Request))
#35 /home/u203739344/domains/erpvip.com.br/public_html/paranaluto/vendor/laravel/framework/src/Illuminate/Cookie/Middleware/EncryptCookies.php(66): Illuminate\\Routing\\Pipeline->Illuminate\\Routing\\{closure}(Object(Illuminate\\Http\\Request))
#36 /home/u203739344/domains/erpvip.com.br/public_html/paranaluto/vendor/laravel/framework/src/Illuminate/Pipeline/Pipeline.php(163): Illuminate\\Cookie\\Middleware\\EncryptCookies->handle(Object(Illuminate\\Http\\Request), Object(Closure))
#37 /home/u203739344/domains/erpvip.com.br/public_html/paranaluto/vendor/laravel/framework/src/Illuminate/Routing/Pipeline.php(53): Illuminate\\Pipeline\\Pipeline->Illuminate\\Pipeline\\{closure}(Object(Illuminate\\Http\\Request))
#38 /home/u203739344/domains/erpvip.com.br/public_html/paranaluto/vendor/laravel/framework/src/Illuminate/Pipeline/Pipeline.php(104): Illuminate\\Routing\\Pipeline->Illuminate\\Routing\\{closure}(Object(Illuminate\\Http\\Request))
#39 /home/u203739344/domains/erpvip.com.br/public_html/paranaluto/vendor/laravel/framework/src/Illuminate/Routing/Router.php(682): Illuminate\\Pipeline\\Pipeline->then(Object(Closure))
#40 /home/u203739344/domains/erpvip.com.br/public_html/paranaluto/vendor/laravel/framework/src/Illuminate/Routing/Router.php(657): Illuminate\\Routing\\Router->runRouteWithinStack(Object(Illuminate\\Routing\\Route), Object(Illuminate\\Http\\Request))
#41 /home/u203739344/domains/erpvip.com.br/public_html/paranaluto/vendor/laravel/framework/src/Illuminate/Routing/Router.php(623): Illuminate\\Routing\\Router->runRoute(Object(Illuminate\\Http\\Request), Object(Illuminate\\Routing\\Route))
#42 /home/u203739344/domains/erpvip.com.br/public_html/paranaluto/vendor/laravel/framework/src/Illuminate/Routing/Router.php(612): Illuminate\\Routing\\Router->dispatchToRoute(Object(Illuminate\\Http\\Request))
#43 /home/u203739344/domains/erpvip.com.br/public_html/paranaluto/vendor/laravel/framework/src/Illuminate/Foundation/Http/Kernel.php(176): Illuminate\\Routing\\Router->dispatch(Object(Illuminate\\Http\\Request))
#44 /home/u203739344/domains/erpvip.com.br/public_html/paranaluto/vendor/laravel/framework/src/Illuminate/Routing/Pipeline.php(30): Illuminate\\Foundation\\Http\\Kernel->Illuminate\\Foundation\\Http\\{closure}(Object(Illuminate\\Http\\Request))
#45 /home/u203739344/domains/erpvip.com.br/public_html/paranaluto/vendor/fideloper/proxy/src/TrustProxies.php(57): Illuminate\\Routing\\Pipeline->Illuminate\\Routing\\{closure}(Object(Illuminate\\Http\\Request))
#46 /home/u203739344/domains/erpvip.com.br/public_html/paranaluto/vendor/laravel/framework/src/Illuminate/Pipeline/Pipeline.php(163): Fideloper\\Proxy\\TrustProxies->handle(Object(Illuminate\\Http\\Request), Object(Closure))
#47 /home/u203739344/domains/erpvip.com.br/public_html/paranaluto/vendor/laravel/framework/src/Illuminate/Routing/Pipeline.php(53): Illuminate\\Pipeline\\Pipeline->Illuminate\\Pipeline\\{closure}(Object(Illuminate\\Http\\Request))
#48 /home/u203739344/domains/erpvip.com.br/public_html/paranaluto/vendor/laravel/framework/src/Illuminate/Foundation/Http/Middleware/TransformsRequest.php(21): Illuminate\\Routing\\Pipeline->Illuminate\\Routing\\{closure}(Object(Illuminate\\Http\\Request))
#49 /home/u203739344/domains/erpvip.com.br/public_html/paranaluto/vendor/laravel/framework/src/Illuminate/Pipeline/Pipeline.php(163): Illuminate\\Foundation\\Http\\Middleware\\TransformsRequest->handle(Object(Illuminate\\Http\\Request), Object(Closure))
#50 /home/u203739344/domains/erpvip.com.br/public_html/paranaluto/vendor/laravel/framework/src/Illuminate/Routing/Pipeline.php(53): Illuminate\\Pipeline\\Pipeline->Illuminate\\Pipeline\\{closure}(Object(Illuminate\\Http\\Request))
#51 /home/u203739344/domains/erpvip.com.br/public_html/paranaluto/vendor/laravel/framework/src/Illuminate/Foundation/Http/Middleware/TransformsRequest.php(21): Illuminate\\Routing\\Pipeline->Illuminate\\Routing\\{closure}(Object(Illuminate\\Http\\Request))
#52 /home/u203739344/domains/erpvip.com.br/public_html/paranaluto/vendor/laravel/framework/src/Illuminate/Pipeline/Pipeline.php(163): Illuminate\\Foundation\\Http\\Middleware\\TransformsRequest->handle(Object(Illuminate\\Http\\Request), Object(Closure))
#53 /home/u203739344/domains/erpvip.com.br/public_html/paranaluto/vendor/laravel/framework/src/Illuminate/Routing/Pipeline.php(53): Illuminate\\Pipeline\\Pipeline->Illuminate\\Pipeline\\{closure}(Object(Illuminate\\Http\\Request))
#54 /home/u203739344/domains/erpvip.com.br/public_html/paranaluto/vendor/laravel/framework/src/Illuminate/Foundation/Http/Middleware/ValidatePostSize.php(27): Illuminate\\Routing\\Pipeline->Illuminate\\Routing\\{closure}(Object(Illuminate\\Http\\Request))
#55 /home/u203739344/domains/erpvip.com.br/public_html/paranaluto/vendor/laravel/framework/src/Illuminate/Pipeline/Pipeline.php(163): Illuminate\\Foundation\\Http\\Middleware\\ValidatePostSize->handle(Object(Illuminate\\Http\\Request), Object(Closure))
#56 /home/u203739344/domains/erpvip.com.br/public_html/paranaluto/vendor/laravel/framework/src/Illuminate/Routing/Pipeline.php(53): Illuminate\\Pipeline\\Pipeline->Illuminate\\Pipeline\\{closure}(Object(Illuminate\\Http\\Request))
#57 /home/u203739344/domains/erpvip.com.br/public_html/paranaluto/vendor/laravel/framework/src/Illuminate/Foundation/Http/Middleware/CheckForMaintenanceMode.php(62): Illuminate\\Routing\\Pipeline->Illuminate\\Routing\\{closure}(Object(Illuminate\\Http\\Request))
#58 /home/u203739344/domains/erpvip.com.br/public_html/paranaluto/vendor/laravel/framework/src/Illuminate/Pipeline/Pipeline.php(163): Illuminate\\Foundation\\Http\\Middleware\\CheckForMaintenanceMode->handle(Object(Illuminate\\Http\\Request), Object(Closure))
#59 /home/u203739344/domains/erpvip.com.br/public_html/paranaluto/vendor/laravel/framework/src/Illuminate/Routing/Pipeline.php(53): Illuminate\\Pipeline\\Pipeline->Illuminate\\Pipeline\\{closure}(Object(Illuminate\\Http\\Request))
#60 /home/u203739344/domains/erpvip.com.br/public_html/paranaluto/vendor/laravel/framework/src/Illuminate/Pipeline/Pipeline.php(104): Illuminate\\Routing\\Pipeline->Illuminate\\Routing\\{closure}(Object(Illuminate\\Http\\Request))
#61 /home/u203739344/domains/erpvip.com.br/public_html/paranaluto/vendor/laravel/framework/src/Illuminate/Foundation/Http/Kernel.php(151): Illuminate\\Pipeline\\Pipeline->then(Object(Closure))
#62 /home/u203739344/domains/erpvip.com.br/public_html/paranaluto/vendor/laravel/framework/src/Illuminate/Foundation/Http/Kernel.php(116): Illuminate\\Foundation\\Http\\Kernel->sendRequestThroughRouter(Object(Illuminate\\Http\\Request))
#63 /home/u203739344/domains/erpvip.com.br/public_html/paranaluto/public/index.php(55): Illuminate\\Foundation\\Http\\Kernel->handle(Object(Illuminate\\Http\\Request))
#64 {main}
"} 
[2022-09-05 08:54:48] production.ERROR: SQLSTATE[22007]: Invalid datetime format: 1366 Incorrect integer value: ''' for column `u203739344_paranaluto`.`ctapagars`.`cd_agencia` at row 1 (SQL: insert into `ctapagars` (`id_fornecedor`, `nm_fornecedor`, `nr_documento`, `nr_parcela`, `dt_vencimento`, `dt_pagamento`, `vl_apagar`, `vl_pago`, `vl_juros`, `vl_multa`, `vl_desconto`, `id_tppagamento`, `id_banco`, `id_planoconta`, `cd_agencia`, `nr_conta`, `nr_cheque`, `st_status`, `ds_historico`, `nm_obs`, `id_user`, `created_at`, `updated_at`) values (255, LANCHE PARA VELORIO, 0718/1, 1, 2022-08-10 00:00:00, ?, 687.62, ?, ?, ?, ?, 4, 2, 90, ', ?, ?, 0, REF À 06/22, , 17, 2022-09-05 08:54:48, 2022-09-05 08:54:48)) {"userId":17,"exception":"[object] (Illuminate\\Database\\QueryException(code: 22007): SQLSTATE[22007]: Invalid datetime format: 1366 Incorrect integer value: ''' for column `u203739344_paranaluto`.`ctapagars`.`cd_agencia` at row 1 (SQL: insert into `ctapagars` (`id_fornecedor`, `nm_fornecedor`, `nr_documento`, `nr_parcela`, `dt_vencimento`, `dt_pagamento`, `vl_apagar`, `vl_pago`, `vl_juros`, `vl_multa`, `vl_desconto`, `id_tppagamento`, `id_banco`, `id_planoconta`, `cd_agencia`, `nr_conta`, `nr_cheque`, `st_status`, `ds_historico`, `nm_obs`, `id_user`, `created_at`, `updated_at`) values (255, LANCHE PARA VELORIO, 0718/1, 1, 2022-08-10 00:00:00, ?, 687.62, ?, ?, ?, ?, 4, 2, 90, ', ?, ?, 0, REF À 06/22, , 17, 2022-09-05 08:54:48, 2022-09-05 08:54:48)) at /home/u203739344/domains/erpvip.com.br/public_html/paranaluto/vendor/laravel/framework/src/Illuminate/Database/Connection.php:664, PDOException(code: 22007): SQLSTATE[22007]: Invalid datetime format: 1366 Incorrect integer value: ''' for column `u203739344_paranaluto`.`ctapagars`.`cd_agencia` at row 1 at /home/u203739344/domains/erpvip.com.br/public_html/paranaluto/vendor/laravel/framework/src/Illuminate/Database/Connection.php:458)
[stacktrace]
#0 /home/u203739344/domains/erpvip.com.br/public_html/paranaluto/vendor/laravel/framework/src/Illuminate/Database/Connection.php(624): Illuminate\\Database\\Connection->runQueryCallback('insert into `ct...', Array, Object(Closure))
#1 /home/u203739344/domains/erpvip.com.br/public_html/paranaluto/vendor/laravel/framework/src/Illuminate/Database/Connection.php(459): Illuminate\\Database\\Connection->run('insert into `ct...', Array, Object(Closure))
#2 /home/u203739344/domains/erpvip.com.br/public_html/paranaluto/vendor/laravel/framework/src/Illuminate/Database/Connection.php(411): Illuminate\\Database\\Connection->statement('insert into `ct...', Array)
#3 /home/u203739344/domains/erpvip.com.br/public_html/paranaluto/vendor/laravel/framework/src/Illuminate/Database/Query/Processors/Processor.php(32): Illuminate\\Database\\Connection->insert('insert into `ct...', Array)
#4 /home/u203739344/domains/erpvip.com.br/public_html/paranaluto/vendor/laravel/framework/src/Illuminate/Database/Query/Builder.php(2690): Illuminate\\Database\\Query\\Processors\\Processor->processInsertGetId(Object(Illuminate\\Database\\Query\\Builder), 'insert into `ct...', Array, 'id_ctapagar')
#5 /home/u203739344/domains/erpvip.com.br/public_html/paranaluto/vendor/laravel/framework/src/Illuminate/Database/Eloquent/Builder.php(1353): Illuminate\\Database\\Query\\Builder->insertGetId(Array, 'id_ctapagar')
#6 /home/u203739344/domains/erpvip.com.br/public_html/paranaluto/vendor/laravel/framework/src/Illuminate/Database/Eloquent/Model.php(839): Illuminate\\Database\\Eloquent\\Builder->__call('insertGetId', Array)
#7 /home/u203739344/domains/erpvip.com.br/public_html/paranaluto/vendor/laravel/framework/src/Illuminate/Database/Eloquent/Model.php(804): Illuminate\\Database\\Eloquent\\Model->insertAndSetId(Object(Illuminate\\Database\\Eloquent\\Builder), Array)
#8 /home/u203739344/domains/erpvip.com.br/public_html/paranaluto/vendor/laravel/framework/src/Illuminate/Database/Eloquent/Model.php(667): Illuminate\\Database\\Eloquent\\Model->performInsert(Object(Illuminate\\Database\\Eloquent\\Builder))
#9 /home/u203739344/domains/erpvip.com.br/public_html/paranaluto/app/Http/Controllers/CtapagarController.php(125): Illuminate\\Database\\Eloquent\\Model->save()
#10 [internal function]: App\\Http\\Controllers\\CtapagarController->store(Object(App\\Http\\Requests\\CtapagarRequest))
#11 /home/u203739344/domains/erpvip.com.br/public_html/paranaluto/vendor/laravel/framework/src/Illuminate/Routing/Controller.php(54): call_user_func_array(Array, Array)
#12 /home/u203739344/domains/erpvip.com.br/public_html/paranaluto/vendor/laravel/framework/src/Illuminate/Routing/ControllerDispatcher.php(45): Illuminate\\Routing\\Controller->callAction('store', Array)
#13 /home/u203739344/domains/erpvip.com.br/public_html/paranaluto/vendor/laravel/framework/src/Illuminate/Routing/Route.php(219): Illuminate\\Routing\\ControllerDispatcher->dispatch(Object(Illuminate\\Routing\\Route), Object(App\\Http\\Controllers\\CtapagarController), 'store')
#14 /home/u203739344/domains/erpvip.com.br/public_html/paranaluto/vendor/laravel/framework/src/Illuminate/Routing/Route.php(176): Illuminate\\Routing\\Route->runController()
#15 /home/u203739344/domains/erpvip.com.br/public_html/paranaluto/vendor/laravel/framework/src/Illuminate/Routing/Router.php(680): Illuminate\\Routing\\Route->run()
#16 /home/u203739344/domains/erpvip.com.br/public_html/paranaluto/vendor/laravel/framework/src/Illuminate/Routing/Pipeline.php(30): Illuminate\\Routing\\Router->Illuminate\\Routing\\{closure}(Object(Illuminate\\Http\\Request))
#17 /home/u203739344/domains/erpvip.com.br/public_html/paranaluto/vendor/laravel/framework/src/Illuminate/Routing/Middleware/SubstituteBindings.php(41): Illuminate\\Routing\\Pipeline->Illuminate\\Routing\\{closure}(Object(Illuminate\\Http\\Request))
#18 /home/u203739344/domains/erpvip.com.br/public_html/paranaluto/vendor/laravel/framework/src/Illuminate/Pipeline/Pipeline.php(163): Illuminate\\Routing\\Middleware\\SubstituteBindings->handle(Object(Illuminate\\Http\\Request), Object(Closure))
#19 /home/u203739344/domains/erpvip.com.br/public_html/paranaluto/vendor/laravel/framework/src/Illuminate/Routing/Pipeline.php(53): Illuminate\\Pipeline\\Pipeline->Illuminate\\Pipeline\\{closure}(Object(Illuminate\\Http\\Request))
#20 /home/u203739344/domains/erpvip.com.br/public_html/paranaluto/vendor/laravel/framework/src/Illuminate/Auth/Middleware/Authenticate.php(43): Illuminate\\Routing\\Pipeline->Illuminate\\Routing\\{closure}(Object(Illuminate\\Http\\Request))
#21 /home/u203739344/domains/erpvip.com.br/public_html/paranaluto/vendor/laravel/framework/src/Illuminate/Pipeline/Pipeline.php(163): Illuminate\\Auth\\Middleware\\Authenticate->handle(Object(Illuminate\\Http\\Request), Object(Closure))
#22 /home/u203739344/domains/erpvip.com.br/public_html/paranaluto/vendor/laravel/framework/src/Illuminate/Routing/Pipeline.php(53): Illuminate\\Pipeline\\Pipeline->Illuminate\\Pipeline\\{closure}(Object(Illuminate\\Http\\Request))
#23 /home/u203739344/domains/erpvip.com.br/public_html/paranaluto/vendor/laravel/framework/src/Illuminate/Foundation/Http/Middleware/VerifyCsrfToken.php(75): Illuminate\\Routing\\Pipeline->Illuminate\\Routing\\{closure}(Object(Illuminate\\Http\\Request))
#24 /home/u203739344/domains/erpvip.com.br/public_html/paranaluto/vendor/laravel/framework/src/Illuminate/Pipeline/Pipeline.php(163): Illuminate\\Foundation\\Http\\Middleware\\VerifyCsrfToken->handle(Object(Illuminate\\Http\\Request), Object(Closure))
#25 /home/u203739344/domains/erpvip.com.br/public_html/paranaluto/vendor/laravel/framework/src/Illuminate/Routing/Pipeline.php(53): Illuminate\\Pipeline\\Pipeline->Illuminate\\Pipeline\\{closure}(Object(Illuminate\\Http\\Request))
#26 /home/u203739344/domains/erpvip.com.br/public_html/paranaluto/vendor/laravel/framework/src/Illuminate/View/Middleware/ShareErrorsFromSession.php(49): Illuminate\\Routing\\Pipeline->Illuminate\\Routing\\{closure}(Object(Illuminate\\Http\\Request))
#27 /home/u203739344/domains/erpvip.com.br/public_html/paranaluto/vendor/laravel/framework/src/Illuminate/Pipeline/Pipeline.php(163): Illuminate\\View\\Middleware\\ShareErrorsFromSession->handle(Object(Illuminate\\Http\\Request), Object(Closure))
#28 /home/u203739344/domains/erpvip.com.br/public_html/paranaluto/vendor/laravel/framework/src/Illuminate/Routing/Pipeline.php(53): Illuminate\\Pipeline\\Pipeline->Illuminate\\Pipeline\\{closure}(Object(Illuminate\\Http\\Request))
#29 /home/u203739344/domains/erpvip.com.br/public_html/paranaluto/vendor/laravel/framework/src/Illuminate/Session/Middleware/StartSession.php(56): Illuminate\\Routing\\Pipeline->Illuminate\\Routing\\{closure}(Object(Illuminate\\Http\\Request))
#30 /home/u203739344/domains/erpvip.com.br/public_html/paranaluto/vendor/laravel/framework/src/Illuminate/Pipeline/Pipeline.php(163): Illuminate\\Session\\Middleware\\StartSession->handle(Object(Illuminate\\Http\\Request), Object(Closure))
#31 /home/u203739344/domains/erpvip.com.br/public_html/paranaluto/vendor/laravel/framework/src/Illuminate/Routing/Pipeline.php(53): Illuminate\\Pipeline\\Pipeline->Illuminate\\Pipeline\\{closure}(Object(Illuminate\\Http\\Request))
#32 /home/u203739344/domains/erpvip.com.br/public_html/paranaluto/vendor/laravel/framework/src/Illuminate/Cookie/Middleware/AddQueuedCookiesToResponse.php(37): Illuminate\\Routing\\Pipeline->Illuminate\\Routing\\{closure}(Object(Illuminate\\Http\\Request))
#33 /home/u203739344/domains/erpvip.com.br/public_html/paranaluto/vendor/laravel/framework/src/Illuminate/Pipeline/Pipeline.php(163): Illuminate\\Cookie\\Middleware\\AddQueuedCookiesToResponse->handle(Object(Illuminate\\Http\\Request), Object(Closure))
#34 /home/u203739344/domains/erpvip.com.br/public_html/paranaluto/vendor/laravel/framework/src/Illuminate/Routing/Pipeline.php(53): Illuminate\\Pipeline\\Pipeline->Illuminate\\Pipeline\\{closure}(Object(Illuminate\\Http\\Request))
#35 /home/u203739344/domains/erpvip.com.br/public_html/paranaluto/vendor/laravel/framework/src/Illuminate/Cookie/Middleware/EncryptCookies.php(66): Illuminate\\Routing\\Pipeline->Illuminate\\Routing\\{closure}(Object(Illuminate\\Http\\Request))
#36 /home/u203739344/domains/erpvip.com.br/public_html/paranaluto/vendor/laravel/framework/src/Illuminate/Pipeline/Pipeline.php(163): Illuminate\\Cookie\\Middleware\\EncryptCookies->handle(Object(Illuminate\\Http\\Request), Object(Closure))
#37 /home/u203739344/domains/erpvip.com.br/public_html/paranaluto/vendor/laravel/framework/src/Illuminate/Routing/Pipeline.php(53): Illuminate\\Pipeline\\Pipeline->Illuminate\\Pipeline\\{closure}(Object(Illuminate\\Http\\Request))
#38 /home/u203739344/domains/erpvip.com.br/public_html/paranaluto/vendor/laravel/framework/src/Illuminate/Pipeline/Pipeline.php(104): Illuminate\\Routing\\Pipeline->Illuminate\\Routing\\{closure}(Object(Illuminate\\Http\\Request))
#39 /home/u203739344/domains/erpvip.com.br/public_html/paranaluto/vendor/laravel/framework/src/Illuminate/Routing/Router.php(682): Illuminate\\Pipeline\\Pipeline->then(Object(Closure))
#40 /home/u203739344/domains/erpvip.com.br/public_html/paranaluto/vendor/laravel/framework/src/Illuminate/Routing/Router.php(657): Illuminate\\Routing\\Router->runRouteWithinStack(Object(Illuminate\\Routing\\Route), Object(Illuminate\\Http\\Request))
#41 /home/u203739344/domains/erpvip.com.br/public_html/paranaluto/vendor/laravel/framework/src/Illuminate/Routing/Router.php(623): Illuminate\\Routing\\Router->runRoute(Object(Illuminate\\Http\\Request), Object(Illuminate\\Routing\\Route))
#42 /home/u203739344/domains/erpvip.com.br/public_html/paranaluto/vendor/laravel/framework/src/Illuminate/Routing/Router.php(612): Illuminate\\Routing\\Router->dispatchToRoute(Object(Illuminate\\Http\\Request))
#43 /home/u203739344/domains/erpvip.com.br/public_html/paranaluto/vendor/laravel/framework/src/Illuminate/Foundation/Http/Kernel.php(176): Illuminate\\Routing\\Router->dispatch(Object(Illuminate\\Http\\Request))
#44 /home/u203739344/domains/erpvip.com.br/public_html/paranaluto/vendor/laravel/framework/src/Illuminate/Routing/Pipeline.php(30): Illuminate\\Foundation\\Http\\Kernel->Illuminate\\Foundation\\Http\\{closure}(Object(Illuminate\\Http\\Request))
#45 /home/u203739344/domains/erpvip.com.br/public_html/paranaluto/vendor/fideloper/proxy/src/TrustProxies.php(57): Illuminate\\Routing\\Pipeline->Illuminate\\Routing\\{closure}(Object(Illuminate\\Http\\Request))
#46 /home/u203739344/domains/erpvip.com.br/public_html/paranaluto/vendor/laravel/framework/src/Illuminate/Pipeline/Pipeline.php(163): Fideloper\\Proxy\\TrustProxies->handle(Object(Illuminate\\Http\\Request), Object(Closure))
#47 /home/u203739344/domains/erpvip.com.br/public_html/paranaluto/vendor/laravel/framework/src/Illuminate/Routing/Pipeline.php(53): Illuminate\\Pipeline\\Pipeline->Illuminate\\Pipeline\\{closure}(Object(Illuminate\\Http\\Request))
#48 /home/u203739344/domains/erpvip.com.br/public_html/paranaluto/vendor/laravel/framework/src/Illuminate/Foundation/Http/Middleware/TransformsRequest.php(21): Illuminate\\Routing\\Pipeline->Illuminate\\Routing\\{closure}(Object(Illuminate\\Http\\Request))
#49 /home/u203739344/domains/erpvip.com.br/public_html/paranaluto/vendor/laravel/framework/src/Illuminate/Pipeline/Pipeline.php(163): Illuminate\\Foundation\\Http\\Middleware\\TransformsRequest->handle(Object(Illuminate\\Http\\Request), Object(Closure))
#50 /home/u203739344/domains/erpvip.com.br/public_html/paranaluto/vendor/laravel/framework/src/Illuminate/Routing/Pipeline.php(53): Illuminate\\Pipeline\\Pipeline->Illuminate\\Pipeline\\{closure}(Object(Illuminate\\Http\\Request))
#51 /home/u203739344/domains/erpvip.com.br/public_html/paranaluto/vendor/laravel/framework/src/Illuminate/Foundation/Http/Middleware/TransformsRequest.php(21): Illuminate\\Routing\\Pipeline->Illuminate\\Routing\\{closure}(Object(Illuminate\\Http\\Request))
#52 /home/u203739344/domains/erpvip.com.br/public_html/paranaluto/vendor/laravel/framework/src/Illuminate/Pipeline/Pipeline.php(163): Illuminate\\Foundation\\Http\\Middleware\\TransformsRequest->handle(Object(Illuminate\\Http\\Request), Object(Closure))
#53 /home/u203739344/domains/erpvip.com.br/public_html/paranaluto/vendor/laravel/framework/src/Illuminate/Routing/Pipeline.php(53): Illuminate\\Pipeline\\Pipeline->Illuminate\\Pipeline\\{closure}(Object(Illuminate\\Http\\Request))
#54 /home/u203739344/domains/erpvip.com.br/public_html/paranaluto/vendor/laravel/framework/src/Illuminate/Foundation/Http/Middleware/ValidatePostSize.php(27): Illuminate\\Routing\\Pipeline->Illuminate\\Routing\\{closure}(Object(Illuminate\\Http\\Request))
#55 /home/u203739344/domains/erpvip.com.br/public_html/paranaluto/vendor/laravel/framework/src/Illuminate/Pipeline/Pipeline.php(163): Illuminate\\Foundation\\Http\\Middleware\\ValidatePostSize->handle(Object(Illuminate\\Http\\Request), Object(Closure))
#56 /home/u203739344/domains/erpvip.com.br/public_html/paranaluto/vendor/laravel/framework/src/Illuminate/Routing/Pipeline.php(53): Illuminate\\Pipeline\\Pipeline->Illuminate\\Pipeline\\{closure}(Object(Illuminate\\Http\\Request))
#57 /home/u203739344/domains/erpvip.com.br/public_html/paranaluto/vendor/laravel/framework/src/Illuminate/Foundation/Http/Middleware/CheckForMaintenanceMode.php(62): Illuminate\\Routing\\Pipeline->Illuminate\\Routing\\{closure}(Object(Illuminate\\Http\\Request))
#58 /home/u203739344/domains/erpvip.com.br/public_html/paranaluto/vendor/laravel/framework/src/Illuminate/Pipeline/Pipeline.php(163): Illuminate\\Foundation\\Http\\Middleware\\CheckForMaintenanceMode->handle(Object(Illuminate\\Http\\Request), Object(Closure))
#59 /home/u203739344/domains/erpvip.com.br/public_html/paranaluto/vendor/laravel/framework/src/Illuminate/Routing/Pipeline.php(53): Illuminate\\Pipeline\\Pipeline->Illuminate\\Pipeline\\{closure}(Object(Illuminate\\Http\\Request))
#60 /home/u203739344/domains/erpvip.com.br/public_html/paranaluto/vendor/laravel/framework/src/Illuminate/Pipeline/Pipeline.php(104): Illuminate\\Routing\\Pipeline->Illuminate\\Routing\\{closure}(Object(Illuminate\\Http\\Request))
#61 /home/u203739344/domains/erpvip.com.br/public_html/paranaluto/vendor/laravel/framework/src/Illuminate/Foundation/Http/Kernel.php(151): Illuminate\\Pipeline\\Pipeline->then(Object(Closure))
#62 /home/u203739344/domains/erpvip.com.br/public_html/paranaluto/vendor/laravel/framework/src/Illuminate/Foundation/Http/Kernel.php(116): Illuminate\\Foundation\\Http\\Kernel->sendRequestThroughRouter(Object(Illuminate\\Http\\Request))
#63 /home/u203739344/domains/erpvip.com.br/public_html/paranaluto/public/index.php(55): Illuminate\\Foundation\\Http\\Kernel->handle(Object(Illuminate\\Http\\Request))
#64 {main}
"} 
[2022-09-05 08:54:51] production.ERROR: SQLSTATE[22007]: Invalid datetime format: 1366 Incorrect integer value: ''' for column `u203739344_paranaluto`.`ctapagars`.`cd_agencia` at row 1 (SQL: insert into `ctapagars` (`id_fornecedor`, `nm_fornecedor`, `nr_documento`, `nr_parcela`, `dt_vencimento`, `dt_pagamento`, `vl_apagar`, `vl_pago`, `vl_juros`, `vl_multa`, `vl_desconto`, `id_tppagamento`, `id_banco`, `id_planoconta`, `cd_agencia`, `nr_conta`, `nr_cheque`, `st_status`, `ds_historico`, `nm_obs`, `id_user`, `created_at`, `updated_at`) values (255, LANCHE PARA VELORIO, 0718/1, 1, 2022-08-10 00:00:00, ?, 687.62, ?, ?, ?, ?, 4, 2, 90, ', ?, ?, 0, REF À 06/22, , 17, 2022-09-05 08:54:51, 2022-09-05 08:54:51)) {"userId":17,"exception":"[object] (Illuminate\\Database\\QueryException(code: 22007): SQLSTATE[22007]: Invalid datetime format: 1366 Incorrect integer value: ''' for column `u203739344_paranaluto`.`ctapagars`.`cd_agencia` at row 1 (SQL: insert into `ctapagars` (`id_fornecedor`, `nm_fornecedor`, `nr_documento`, `nr_parcela`, `dt_vencimento`, `dt_pagamento`, `vl_apagar`, `vl_pago`, `vl_juros`, `vl_multa`, `vl_desconto`, `id_tppagamento`, `id_banco`, `id_planoconta`, `cd_agencia`, `nr_conta`, `nr_cheque`, `st_status`, `ds_historico`, `nm_obs`, `id_user`, `created_at`, `updated_at`) values (255, LANCHE PARA VELORIO, 0718/1, 1, 2022-08-10 00:00:00, ?, 687.62, ?, ?, ?, ?, 4, 2, 90, ', ?, ?, 0, REF À 06/22, , 17, 2022-09-05 08:54:51, 2022-09-05 08:54:51)) at /home/u203739344/domains/erpvip.com.br/public_html/paranaluto/vendor/laravel/framework/src/Illuminate/Database/Connection.php:664, PDOException(code: 22007): SQLSTATE[22007]: Invalid datetime format: 1366 Incorrect integer value: ''' for column `u203739344_paranaluto`.`ctapagars`.`cd_agencia` at row 1 at /home/u203739344/domains/erpvip.com.br/public_html/paranaluto/vendor/laravel/framework/src/Illuminate/Database/Connection.php:458)
[stacktrace]
#0 /home/u203739344/domains/erpvip.com.br/public_html/paranaluto/vendor/laravel/framework/src/Illuminate/Database/Connection.php(624): Illuminate\\Database\\Connection->runQueryCallback('insert into `ct...', Array, Object(Closure))
#1 /home/u203739344/domains/erpvip.com.br/public_html/paranaluto/vendor/laravel/framework/src/Illuminate/Database/Connection.php(459): Illuminate\\Database\\Connection->run('insert into `ct...', Array, Object(Closure))
#2 /home/u203739344/domains/erpvip.com.br/public_html/paranaluto/vendor/laravel/framework/src/Illuminate/Database/Connection.php(411): Illuminate\\Database\\Connection->statement('insert into `ct...', Array)
#3 /home/u203739344/domains/erpvip.com.br/public_html/paranaluto/vendor/laravel/framework/src/Illuminate/Database/Query/Processors/Processor.php(32): Illuminate\\Database\\Connection->insert('insert into `ct...', Array)
#4 /home/u203739344/domains/erpvip.com.br/public_html/paranaluto/vendor/laravel/framework/src/Illuminate/Database/Query/Builder.php(2690): Illuminate\\Database\\Query\\Processors\\Processor->processInsertGetId(Object(Illuminate\\Database\\Query\\Builder), 'insert into `ct...', Array, 'id_ctapagar')
#5 /home/u203739344/domains/erpvip.com.br/public_html/paranaluto/vendor/laravel/framework/src/Illuminate/Database/Eloquent/Builder.php(1353): Illuminate\\Database\\Query\\Builder->insertGetId(Array, 'id_ctapagar')
#6 /home/u203739344/domains/erpvip.com.br/public_html/paranaluto/vendor/laravel/framework/src/Illuminate/Database/Eloquent/Model.php(839): Illuminate\\Database\\Eloquent\\Builder->__call('insertGetId', Array)
#7 /home/u203739344/domains/erpvip.com.br/public_html/paranaluto/vendor/laravel/framework/src/Illuminate/Database/Eloquent/Model.php(804): Illuminate\\Database\\Eloquent\\Model->insertAndSetId(Object(Illuminate\\Database\\Eloquent\\Builder), Array)
#8 /home/u203739344/domains/erpvip.com.br/public_html/paranaluto/vendor/laravel/framework/src/Illuminate/Database/Eloquent/Model.php(667): Illuminate\\Database\\Eloquent\\Model->performInsert(Object(Illuminate\\Database\\Eloquent\\Builder))
#9 /home/u203739344/domains/erpvip.com.br/public_html/paranaluto/app/Http/Controllers/CtapagarController.php(125): Illuminate\\Database\\Eloquent\\Model->save()
#10 [internal function]: App\\Http\\Controllers\\CtapagarController->store(Object(App\\Http\\Requests\\CtapagarRequest))
#11 /home/u203739344/domains/erpvip.com.br/public_html/paranaluto/vendor/laravel/framework/src/Illuminate/Routing/Controller.php(54): call_user_func_array(Array, Array)
#12 /home/u203739344/domains/erpvip.com.br/public_html/paranaluto/vendor/laravel/framework/src/Illuminate/Routing/ControllerDispatcher.php(45): Illuminate\\Routing\\Controller->callAction('store', Array)
#13 /home/u203739344/domains/erpvip.com.br/public_html/paranaluto/vendor/laravel/framework/src/Illuminate/Routing/Route.php(219): Illuminate\\Routing\\ControllerDispatcher->dispatch(Object(Illuminate\\Routing\\Route), Object(App\\Http\\Controllers\\CtapagarController), 'store')
#14 /home/u203739344/domains/erpvip.com.br/public_html/paranaluto/vendor/laravel/framework/src/Illuminate/Routing/Route.php(176): Illuminate\\Routing\\Route->runController()
#15 /home/u203739344/domains/erpvip.com.br/public_html/paranaluto/vendor/laravel/framework/src/Illuminate/Routing/Router.php(680): Illuminate\\Routing\\Route->run()
#16 /home/u203739344/domains/erpvip.com.br/public_html/paranaluto/vendor/laravel/framework/src/Illuminate/Routing/Pipeline.php(30): Illuminate\\Routing\\Router->Illuminate\\Routing\\{closure}(Object(Illuminate\\Http\\Request))
#17 /home/u203739344/domains/erpvip.com.br/public_html/paranaluto/vendor/laravel/framework/src/Illuminate/Routing/Middleware/SubstituteBindings.php(41): Illuminate\\Routing\\Pipeline->Illuminate\\Routing\\{closure}(Object(Illuminate\\Http\\Request))
#18 /home/u203739344/domains/erpvip.com.br/public_html/paranaluto/vendor/laravel/framework/src/Illuminate/Pipeline/Pipeline.php(163): Illuminate\\Routing\\Middleware\\SubstituteBindings->handle(Object(Illuminate\\Http\\Request), Object(Closure))
#19 /home/u203739344/domains/erpvip.com.br/public_html/paranaluto/vendor/laravel/framework/src/Illuminate/Routing/Pipeline.php(53): Illuminate\\Pipeline\\Pipeline->Illuminate\\Pipeline\\{closure}(Object(Illuminate\\Http\\Request))
#20 /home/u203739344/domains/erpvip.com.br/public_html/paranaluto/vendor/laravel/framework/src/Illuminate/Auth/Middleware/Authenticate.php(43): Illuminate\\Routing\\Pipeline->Illuminate\\Routing\\{closure}(Object(Illuminate\\Http\\Request))
#21 /home/u203739344/domains/erpvip.com.br/public_html/paranaluto/vendor/laravel/framework/src/Illuminate/Pipeline/Pipeline.php(163): Illuminate\\Auth\\Middleware\\Authenticate->handle(Object(Illuminate\\Http\\Request), Object(Closure))
#22 /home/u203739344/domains/erpvip.com.br/public_html/paranaluto/vendor/laravel/framework/src/Illuminate/Routing/Pipeline.php(53): Illuminate\\Pipeline\\Pipeline->Illuminate\\Pipeline\\{closure}(Object(Illuminate\\Http\\Request))
#23 /home/u203739344/domains/erpvip.com.br/public_html/paranaluto/vendor/laravel/framework/src/Illuminate/Foundation/Http/Middleware/VerifyCsrfToken.php(75): Illuminate\\Routing\\Pipeline->Illuminate\\Routing\\{closure}(Object(Illuminate\\Http\\Request))
#24 /home/u203739344/domains/erpvip.com.br/public_html/paranaluto/vendor/laravel/framework/src/Illuminate/Pipeline/Pipeline.php(163): Illuminate\\Foundation\\Http\\Middleware\\VerifyCsrfToken->handle(Object(Illuminate\\Http\\Request), Object(Closure))
#25 /home/u203739344/domains/erpvip.com.br/public_html/paranaluto/vendor/laravel/framework/src/Illuminate/Routing/Pipeline.php(53): Illuminate\\Pipeline\\Pipeline->Illuminate\\Pipeline\\{closure}(Object(Illuminate\\Http\\Request))
#26 /home/u203739344/domains/erpvip.com.br/public_html/paranaluto/vendor/laravel/framework/src/Illuminate/View/Middleware/ShareErrorsFromSession.php(49): Illuminate\\Routing\\Pipeline->Illuminate\\Routing\\{closure}(Object(Illuminate\\Http\\Request))
#27 /home/u203739344/domains/erpvip.com.br/public_html/paranaluto/vendor/laravel/framework/src/Illuminate/Pipeline/Pipeline.php(163): Illuminate\\View\\Middleware\\ShareErrorsFromSession->handle(Object(Illuminate\\Http\\Request), Object(Closure))
#28 /home/u203739344/domains/erpvip.com.br/public_html/paranaluto/vendor/laravel/framework/src/Illuminate/Routing/Pipeline.php(53): Illuminate\\Pipeline\\Pipeline->Illuminate\\Pipeline\\{closure}(Object(Illuminate\\Http\\Request))
#29 /home/u203739344/domains/erpvip.com.br/public_html/paranaluto/vendor/laravel/framework/src/Illuminate/Session/Middleware/StartSession.php(56): Illuminate\\Routing\\Pipeline->Illuminate\\Routing\\{closure}(Object(Illuminate\\Http\\Request))
#30 /home/u203739344/domains/erpvip.com.br/public_html/paranaluto/vendor/laravel/framework/src/Illuminate/Pipeline/Pipeline.php(163): Illuminate\\Session\\Middleware\\StartSession->handle(Object(Illuminate\\Http\\Request), Object(Closure))
#31 /home/u203739344/domains/erpvip.com.br/public_html/paranaluto/vendor/laravel/framework/src/Illuminate/Routing/Pipeline.php(53): Illuminate\\Pipeline\\Pipeline->Illuminate\\Pipeline\\{closure}(Object(Illuminate\\Http\\Request))
#32 /home/u203739344/domains/erpvip.com.br/public_html/paranaluto/vendor/laravel/framework/src/Illuminate/Cookie/Middleware/AddQueuedCookiesToResponse.php(37): Illuminate\\Routing\\Pipeline->Illuminate\\Routing\\{closure}(Object(Illuminate\\Http\\Request))
#33 /home/u203739344/domains/erpvip.com.br/public_html/paranaluto/vendor/laravel/framework/src/Illuminate/Pipeline/Pipeline.php(163): Illuminate\\Cookie\\Middleware\\AddQueuedCookiesToResponse->handle(Object(Illuminate\\Http\\Request), Object(Closure))
#34 /home/u203739344/domains/erpvip.com.br/public_html/paranaluto/vendor/laravel/framework/src/Illuminate/Routing/Pipeline.php(53): Illuminate\\Pipeline\\Pipeline->Illuminate\\Pipeline\\{closure}(Object(Illuminate\\Http\\Request))
#35 /home/u203739344/domains/erpvip.com.br/public_html/paranaluto/vendor/laravel/framework/src/Illuminate/Cookie/Middleware/EncryptCookies.php(66): Illuminate\\Routing\\Pipeline->Illuminate\\Routing\\{closure}(Object(Illuminate\\Http\\Request))
#36 /home/u203739344/domains/erpvip.com.br/public_html/paranaluto/vendor/laravel/framework/src/Illuminate/Pipeline/Pipeline.php(163): Illuminate\\Cookie\\Middleware\\EncryptCookies->handle(Object(Illuminate\\Http\\Request), Object(Closure))
#37 /home/u203739344/domains/erpvip.com.br/public_html/paranaluto/vendor/laravel/framework/src/Illuminate/Routing/Pipeline.php(53): Illuminate\\Pipeline\\Pipeline->Illuminate\\Pipeline\\{closure}(Object(Illuminate\\Http\\Request))
#38 /home/u203739344/domains/erpvip.com.br/public_html/paranaluto/vendor/laravel/framework/src/Illuminate/Pipeline/Pipeline.php(104): Illuminate\\Routing\\Pipeline->Illuminate\\Routing\\{closure}(Object(Illuminate\\Http\\Request))
#39 /home/u203739344/domains/erpvip.com.br/public_html/paranaluto/vendor/laravel/framework/src/Illuminate/Routing/Router.php(682): Illuminate\\Pipeline\\Pipeline->then(Object(Closure))
#40 /home/u203739344/domains/erpvip.com.br/public_html/paranaluto/vendor/laravel/framework/src/Illuminate/Routing/Router.php(657): Illuminate\\Routing\\Router->runRouteWithinStack(Object(Illuminate\\Routing\\Route), Object(Illuminate\\Http\\Request))
#41 /home/u203739344/domains/erpvip.com.br/public_html/paranaluto/vendor/laravel/framework/src/Illuminate/Routing/Router.php(623): Illuminate\\Routing\\Router->runRoute(Object(Illuminate\\Http\\Request), Object(Illuminate\\Routing\\Route))
#42 /home/u203739344/domains/erpvip.com.br/public_html/paranaluto/vendor/laravel/framework/src/Illuminate/Routing/Router.php(612): Illuminate\\Routing\\Router->dispatchToRoute(Object(Illuminate\\Http\\Request))
#43 /home/u203739344/domains/erpvip.com.br/public_html/paranaluto/vendor/laravel/framework/src/Illuminate/Foundation/Http/Kernel.php(176): Illuminate\\Routing\\Router->dispatch(Object(Illuminate\\Http\\Request))
#44 /home/u203739344/domains/erpvip.com.br/public_html/paranaluto/vendor/laravel/framework/src/Illuminate/Routing/Pipeline.php(30): Illuminate\\Foundation\\Http\\Kernel->Illuminate\\Foundation\\Http\\{closure}(Object(Illuminate\\Http\\Request))
#45 /home/u203739344/domains/erpvip.com.br/public_html/paranaluto/vendor/fideloper/proxy/src/TrustProxies.php(57): Illuminate\\Routing\\Pipeline->Illuminate\\Routing\\{closure}(Object(Illuminate\\Http\\Request))
#46 /home/u203739344/domains/erpvip.com.br/public_html/paranaluto/vendor/laravel/framework/src/Illuminate/Pipeline/Pipeline.php(163): Fideloper\\Proxy\\TrustProxies->handle(Object(Illuminate\\Http\\Request), Object(Closure))
#47 /home/u203739344/domains/erpvip.com.br/public_html/paranaluto/vendor/laravel/framework/src/Illuminate/Routing/Pipeline.php(53): Illuminate\\Pipeline\\Pipeline->Illuminate\\Pipeline\\{closure}(Object(Illuminate\\Http\\Request))
#48 /home/u203739344/domains/erpvip.com.br/public_html/paranaluto/vendor/laravel/framework/src/Illuminate/Foundation/Http/Middleware/TransformsRequest.php(21): Illuminate\\Routing\\Pipeline->Illuminate\\Routing\\{closure}(Object(Illuminate\\Http\\Request))
#49 /home/u203739344/domains/erpvip.com.br/public_html/paranaluto/vendor/laravel/framework/src/Illuminate/Pipeline/Pipeline.php(163): Illuminate\\Foundation\\Http\\Middleware\\TransformsRequest->handle(Object(Illuminate\\Http\\Request), Object(Closure))
#50 /home/u203739344/domains/erpvip.com.br/public_html/paranaluto/vendor/laravel/framework/src/Illuminate/Routing/Pipeline.php(53): Illuminate\\Pipeline\\Pipeline->Illuminate\\Pipeline\\{closure}(Object(Illuminate\\Http\\Request))
#51 /home/u203739344/domains/erpvip.com.br/public_html/paranaluto/vendor/laravel/framework/src/Illuminate/Foundation/Http/Middleware/TransformsRequest.php(21): Illuminate\\Routing\\Pipeline->Illuminate\\Routing\\{closure}(Object(Illuminate\\Http\\Request))
#52 /home/u203739344/domains/erpvip.com.br/public_html/paranaluto/vendor/laravel/framework/src/Illuminate/Pipeline/Pipeline.php(163): Illuminate\\Foundation\\Http\\Middleware\\TransformsRequest->handle(Object(Illuminate\\Http\\Request), Object(Closure))
#53 /home/u203739344/domains/erpvip.com.br/public_html/paranaluto/vendor/laravel/framework/src/Illuminate/Routing/Pipeline.php(53): Illuminate\\Pipeline\\Pipeline->Illuminate\\Pipeline\\{closure}(Object(Illuminate\\Http\\Request))
#54 /home/u203739344/domains/erpvip.com.br/public_html/paranaluto/vendor/laravel/framework/src/Illuminate/Foundation/Http/Middleware/ValidatePostSize.php(27): Illuminate\\Routing\\Pipeline->Illuminate\\Routing\\{closure}(Object(Illuminate\\Http\\Request))
#55 /home/u203739344/domains/erpvip.com.br/public_html/paranaluto/vendor/laravel/framework/src/Illuminate/Pipeline/Pipeline.php(163): Illuminate\\Foundation\\Http\\Middleware\\ValidatePostSize->handle(Object(Illuminate\\Http\\Request), Object(Closure))
#56 /home/u203739344/domains/erpvip.com.br/public_html/paranaluto/vendor/laravel/framework/src/Illuminate/Routing/Pipeline.php(53): Illuminate\\Pipeline\\Pipeline->Illuminate\\Pipeline\\{closure}(Object(Illuminate\\Http\\Request))
#57 /home/u203739344/domains/erpvip.com.br/public_html/paranaluto/vendor/laravel/framework/src/Illuminate/Foundation/Http/Middleware/CheckForMaintenanceMode.php(62): Illuminate\\Routing\\Pipeline->Illuminate\\Routing\\{closure}(Object(Illuminate\\Http\\Request))
#58 /home/u203739344/domains/erpvip.com.br/public_html/paranaluto/vendor/laravel/framework/src/Illuminate/Pipeline/Pipeline.php(163): Illuminate\\Foundation\\Http\\Middleware\\CheckForMaintenanceMode->handle(Object(Illuminate\\Http\\Request), Object(Closure))
#59 /home/u203739344/domains/erpvip.com.br/public_html/paranaluto/vendor/laravel/framework/src/Illuminate/Routing/Pipeline.php(53): Illuminate\\Pipeline\\Pipeline->Illuminate\\Pipeline\\{closure}(Object(Illuminate\\Http\\Request))
#60 /home/u203739344/domains/erpvip.com.br/public_html/paranaluto/vendor/laravel/framework/src/Illuminate/Pipeline/Pipeline.php(104): Illuminate\\Routing\\Pipeline->Illuminate\\Routing\\{closure}(Object(Illuminate\\Http\\Request))
#61 /home/u203739344/domains/erpvip.com.br/public_html/paranaluto/vendor/laravel/framework/src/Illuminate/Foundation/Http/Kernel.php(151): Illuminate\\Pipeline\\Pipeline->then(Object(Closure))
#62 /home/u203739344/domains/erpvip.com.br/public_html/paranaluto/vendor/laravel/framework/src/Illuminate/Foundation/Http/Kernel.php(116): Illuminate\\Foundation\\Http\\Kernel->sendRequestThroughRouter(Object(Illuminate\\Http\\Request))
#63 /home/u203739344/domains/erpvip.com.br/public_html/paranaluto/public/index.php(55): Illuminate\\Foundation\\Http\\Kernel->handle(Object(Illuminate\\Http\\Request))
#64 {main}
"} 
