[2022-02-09 11:41:42] production.ERROR: Invalid characters passed for attempted conversion, these have been ignored {"userId":2,"exception":"[object] (ErrorException(code: 0): Invalid characters passed for attempted conversion, these have been ignored at /home/u203739344/domains/erpvip.com.br/public_html/paranaluto/vendor/dompdf/dompdf/lib/Cpdf.php:2545)
[stacktrace]
#0 [internal function]: Illuminate\\Foundation\\Bootstrap\\HandleExceptions->handleError(8192, 'Invalid charact...', '/home/u20373934...', 2545, Array)
#1 /home/u203739344/domains/erpvip.com.br/public_html/paranaluto/vendor/dompdf/dompdf/lib/Cpdf.php(2545): hexdec('space')
#2 /home/u203739344/domains/erpvip.com.br/public_html/paranaluto/vendor/dompdf/dompdf/lib/Cpdf.php(2669): Cpdf->openFont('/home/u20373934...')
#3 /home/u203739344/domains/erpvip.com.br/public_html/paranaluto/vendor/dompdf/dompdf/src/Adapter/CPDF.php(986): Cpdf->selectFont('/home/u20373934...')
#4 /home/u203739344/domains/erpvip.com.br/public_html/paranaluto/vendor/dompdf/dompdf/src/FontMetrics.php(280): Dompdf\\Adapter\\CPDF->get_text_width('Rel\\xC3\\xA1torio', '/home/u20373934...', 9, 0, 0)
#5 /home/u203739344/domains/erpvip.com.br/public_html/paranaluto/vendor/dompdf/dompdf/src/FrameReflower/Text.php(414): Dompdf\\FontMetrics->getTextWidth('Rel\\xC3\\xA1torio', '/home/u20373934...', 9, 0, 0)
#6 [internal function]: Dompdf\\FrameReflower\\Text->Dompdf\\FrameReflower\\{closure}(0, 'Rel\\xC3\\xA1torio')
#7 /home/u203739344/domains/erpvip.com.br/public_html/paranaluto/vendor/dompdf/dompdf/src/FrameReflower/Text.php(415): array_walk(Array, Object(Closure))
#8 /home/u203739344/domains/erpvip.com.br/public_html/paranaluto/vendor/dompdf/dompdf/src/FrameDecorator/AbstractFrameDecorator.php(903): Dompdf\\FrameReflower\\Text->get_min_max_width()
#9 /home/u203739344/domains/erpvip.com.br/public_html/paranaluto/vendor/dompdf/dompdf/src/FrameReflower/AbstractFrameReflower.php(248): Dompdf\\FrameDecorator\\AbstractFrameDecorator->get_min_max_width()
#10 /home/u203739344/domains/erpvip.com.br/public_html/paranaluto/vendor/dompdf/dompdf/src/FrameDecorator/AbstractFrameDecorator.php(903): Dompdf\\FrameReflower\\AbstractFrameReflower->get_min_max_width()
#11 /home/u203739344/domains/erpvip.com.br/public_html/paranaluto/vendor/dompdf/dompdf/src/Cellmap.php(645): Dompdf\\FrameDecorator\\AbstractFrameDecorator->get_min_max_width()
#12 /home/u203739344/domains/erpvip.com.br/public_html/paranaluto/vendor/dompdf/dompdf/src/Cellmap.php(518): Dompdf\\Cellmap->add_frame(Object(Dompdf\\FrameDecorator\\TableCell))
#13 /home/u203739344/domains/erpvip.com.br/public_html/paranaluto/vendor/dompdf/dompdf/src/Cellmap.php(518): Dompdf\\Cellmap->add_frame(Object(Dompdf\\FrameDecorator\\TableRow))
#14 /home/u203739344/domains/erpvip.com.br/public_html/paranaluto/vendor/dompdf/dompdf/src/Cellmap.php(518): Dompdf\\Cellmap->add_frame(Object(Dompdf\\FrameDecorator\\TableRowGroup))
#15 /home/u203739344/domains/erpvip.com.br/public_html/paranaluto/vendor/dompdf/dompdf/src/FrameReflower/Table.php(532): Dompdf\\Cellmap->add_frame(Object(Dompdf\\FrameDecorator\\Table))
#16 /home/u203739344/domains/erpvip.com.br/public_html/paranaluto/vendor/dompdf/dompdf/src/FrameReflower/Table.php(408): Dompdf\\FrameReflower\\Table->get_min_max_width()
#17 /home/u203739344/domains/erpvip.com.br/public_html/paranaluto/vendor/dompdf/dompdf/src/FrameDecorator/AbstractFrameDecorator.php(895): Dompdf\\FrameReflower\\Table->reflow(Object(Dompdf\\FrameDecorator\\Block))
#18 /home/u203739344/domains/erpvip.com.br/public_html/paranaluto/vendor/dompdf/dompdf/src/FrameReflower/Block.php(845): Dompdf\\FrameDecorator\\AbstractFrameDecorator->reflow(Object(Dompdf\\FrameDecorator\\Block))
#19 /home/u203739344/domains/erpvip.com.br/public_html/paranaluto/vendor/dompdf/dompdf/src/FrameDecorator/AbstractFrameDecorator.php(895): Dompdf\\FrameReflower\\Block->reflow(NULL)
#20 /home/u203739344/domains/erpvip.com.br/public_html/paranaluto/vendor/dompdf/dompdf/src/FrameReflower/Page.php(141): Dompdf\\FrameDecorator\\AbstractFrameDecorator->reflow()
#21 /home/u203739344/domains/erpvip.com.br/public_html/paranaluto/vendor/dompdf/dompdf/src/FrameDecorator/AbstractFrameDecorator.php(895): Dompdf\\FrameReflower\\Page->reflow(NULL)
#22 /home/u203739344/domains/erpvip.com.br/public_html/paranaluto/vendor/dompdf/dompdf/src/Dompdf.php(847): Dompdf\\FrameDecorator\\AbstractFrameDecorator->reflow()
#23 /home/u203739344/domains/erpvip.com.br/public_html/paranaluto/vendor/barryvdh/laravel-dompdf/src/PDF.php(195): Dompdf\\Dompdf->render()
#24 /home/u203739344/domains/erpvip.com.br/public_html/paranaluto/vendor/barryvdh/laravel-dompdf/src/PDF.php(142): Barryvdh\\DomPDF\\PDF->render()
#25 /home/u203739344/domains/erpvip.com.br/public_html/paranaluto/vendor/barryvdh/laravel-dompdf/src/PDF.php(180): Barryvdh\\DomPDF\\PDF->output()
#26 /home/u203739344/domains/erpvip.com.br/public_html/paranaluto/app/Http/Controllers/RelctapagarController.php(64): Barryvdh\\DomPDF\\PDF->stream()
#27 [internal function]: App\\Http\\Controllers\\RelctapagarController->impctapagar(Object(Illuminate\\Http\\Request))
#28 /home/u203739344/domains/erpvip.com.br/public_html/paranaluto/vendor/laravel/framework/src/Illuminate/Routing/Controller.php(54): call_user_func_array(Array, Array)
#29 /home/u203739344/domains/erpvip.com.br/public_html/paranaluto/vendor/laravel/framework/src/Illuminate/Routing/ControllerDispatcher.php(45): Illuminate\\Routing\\Controller->callAction('impctapagar', Array)
#30 /home/u203739344/domains/erpvip.com.br/public_html/paranaluto/vendor/laravel/framework/src/Illuminate/Routing/Route.php(219): Illuminate\\Routing\\ControllerDispatcher->dispatch(Object(Illuminate\\Routing\\Route), Object(App\\Http\\Controllers\\RelctapagarController), 'impctapagar')
#31 /home/u203739344/domains/erpvip.com.br/public_html/paranaluto/vendor/laravel/framework/src/Illuminate/Routing/Route.php(176): Illuminate\\Routing\\Route->runController()
#32 /home/u203739344/domains/erpvip.com.br/public_html/paranaluto/vendor/laravel/framework/src/Illuminate/Routing/Router.php(680): Illuminate\\Routing\\Route->run()
#33 /home/u203739344/domains/erpvip.com.br/public_html/paranaluto/vendor/laravel/framework/src/Illuminate/Routing/Pipeline.php(30): Illuminate\\Routing\\Router->Illuminate\\Routing\\{closure}(Object(Illuminate\\Http\\Request))
#34 /home/u203739344/domains/erpvip.com.br/public_html/paranaluto/vendor/laravel/framework/src/Illuminate/Routing/Middleware/SubstituteBindings.php(41): Illuminate\\Routing\\Pipeline->Illuminate\\Routing\\{closure}(Object(Illuminate\\Http\\Request))
#35 /home/u203739344/domains/erpvip.com.br/public_html/paranaluto/vendor/laravel/framework/src/Illuminate/Pipeline/Pipeline.php(163): Illuminate\\Routing\\Middleware\\SubstituteBindings->handle(Object(Illuminate\\Http\\Request), Object(Closure))
#36 /home/u203739344/domains/erpvip.com.br/public_html/paranaluto/vendor/laravel/framework/src/Illuminate/Routing/Pipeline.php(53): Illuminate\\Pipeline\\Pipeline->Illuminate\\Pipeline\\{closure}(Object(Illuminate\\Http\\Request))
#37 /home/u203739344/domains/erpvip.com.br/public_html/paranaluto/vendor/laravel/framework/src/Illuminate/Auth/Middleware/Authenticate.php(43): Illuminate\\Routing\\Pipeline->Illuminate\\Routing\\{closure}(Object(Illuminate\\Http\\Request))
#38 /home/u203739344/domains/erpvip.com.br/public_html/paranaluto/vendor/laravel/framework/src/Illuminate/Pipeline/Pipeline.php(163): Illuminate\\Auth\\Middleware\\Authenticate->handle(Object(Illuminate\\Http\\Request), Object(Closure))
#39 /home/u203739344/domains/erpvip.com.br/public_html/paranaluto/vendor/laravel/framework/src/Illuminate/Routing/Pipeline.php(53): Illuminate\\Pipeline\\Pipeline->Illuminate\\Pipeline\\{closure}(Object(Illuminate\\Http\\Request))
#40 /home/u203739344/domains/erpvip.com.br/public_html/paranaluto/vendor/laravel/framework/src/Illuminate/Foundation/Http/Middleware/VerifyCsrfToken.php(75): Illuminate\\Routing\\Pipeline->Illuminate\\Routing\\{closure}(Object(Illuminate\\Http\\Request))
#41 /home/u203739344/domains/erpvip.com.br/public_html/paranaluto/vendor/laravel/framework/src/Illuminate/Pipeline/Pipeline.php(163): Illuminate\\Foundation\\Http\\Middleware\\VerifyCsrfToken->handle(Object(Illuminate\\Http\\Request), Object(Closure))
#42 /home/u203739344/domains/erpvip.com.br/public_html/paranaluto/vendor/laravel/framework/src/Illuminate/Routing/Pipeline.php(53): Illuminate\\Pipeline\\Pipeline->Illuminate\\Pipeline\\{closure}(Object(Illuminate\\Http\\Request))
#43 /home/u203739344/domains/erpvip.com.br/public_html/paranaluto/vendor/laravel/framework/src/Illuminate/View/Middleware/ShareErrorsFromSession.php(49): Illuminate\\Routing\\Pipeline->Illuminate\\Routing\\{closure}(Object(Illuminate\\Http\\Request))
#44 /home/u203739344/domains/erpvip.com.br/public_html/paranaluto/vendor/laravel/framework/src/Illuminate/Pipeline/Pipeline.php(163): Illuminate\\View\\Middleware\\ShareErrorsFromSession->handle(Object(Illuminate\\Http\\Request), Object(Closure))
#45 /home/u203739344/domains/erpvip.com.br/public_html/paranaluto/vendor/laravel/framework/src/Illuminate/Routing/Pipeline.php(53): Illuminate\\Pipeline\\Pipeline->Illuminate\\Pipeline\\{closure}(Object(Illuminate\\Http\\Request))
#46 /home/u203739344/domains/erpvip.com.br/public_html/paranaluto/vendor/laravel/framework/src/Illuminate/Session/Middleware/StartSession.php(56): Illuminate\\Routing\\Pipeline->Illuminate\\Routing\\{closure}(Object(Illuminate\\Http\\Request))
#47 /home/u203739344/domains/erpvip.com.br/public_html/paranaluto/vendor/laravel/framework/src/Illuminate/Pipeline/Pipeline.php(163): Illuminate\\Session\\Middleware\\StartSession->handle(Object(Illuminate\\Http\\Request), Object(Closure))
#48 /home/u203739344/domains/erpvip.com.br/public_html/paranaluto/vendor/laravel/framework/src/Illuminate/Routing/Pipeline.php(53): Illuminate\\Pipeline\\Pipeline->Illuminate\\Pipeline\\{closure}(Object(Illuminate\\Http\\Request))
#49 /home/u203739344/domains/erpvip.com.br/public_html/paranaluto/vendor/laravel/framework/src/Illuminate/Cookie/Middleware/AddQueuedCookiesToResponse.php(37): Illuminate\\Routing\\Pipeline->Illuminate\\Routing\\{closure}(Object(Illuminate\\Http\\Request))
#50 /home/u203739344/domains/erpvip.com.br/public_html/paranaluto/vendor/laravel/framework/src/Illuminate/Pipeline/Pipeline.php(163): Illuminate\\Cookie\\Middleware\\AddQueuedCookiesToResponse->handle(Object(Illuminate\\Http\\Request), Object(Closure))
#51 /home/u203739344/domains/erpvip.com.br/public_html/paranaluto/vendor/laravel/framework/src/Illuminate/Routing/Pipeline.php(53): Illuminate\\Pipeline\\Pipeline->Illuminate\\Pipeline\\{closure}(Object(Illuminate\\Http\\Request))
#52 /home/u203739344/domains/erpvip.com.br/public_html/paranaluto/vendor/laravel/framework/src/Illuminate/Cookie/Middleware/EncryptCookies.php(66): Illuminate\\Routing\\Pipeline->Illuminate\\Routing\\{closure}(Object(Illuminate\\Http\\Request))
#53 /home/u203739344/domains/erpvip.com.br/public_html/paranaluto/vendor/laravel/framework/src/Illuminate/Pipeline/Pipeline.php(163): Illuminate\\Cookie\\Middleware\\EncryptCookies->handle(Object(Illuminate\\Http\\Request), Object(Closure))
#54 /home/u203739344/domains/erpvip.com.br/public_html/paranaluto/vendor/laravel/framework/src/Illuminate/Routing/Pipeline.php(53): Illuminate\\Pipeline\\Pipeline->Illuminate\\Pipeline\\{closure}(Object(Illuminate\\Http\\Request))
#55 /home/u203739344/domains/erpvip.com.br/public_html/paranaluto/vendor/laravel/framework/src/Illuminate/Pipeline/Pipeline.php(104): Illuminate\\Routing\\Pipeline->Illuminate\\Routing\\{closure}(Object(Illuminate\\Http\\Request))
#56 /home/u203739344/domains/erpvip.com.br/public_html/paranaluto/vendor/laravel/framework/src/Illuminate/Routing/Router.php(682): Illuminate\\Pipeline\\Pipeline->then(Object(Closure))
#57 /home/u203739344/domains/erpvip.com.br/public_html/paranaluto/vendor/laravel/framework/src/Illuminate/Routing/Router.php(657): Illuminate\\Routing\\Router->runRouteWithinStack(Object(Illuminate\\Routing\\Route), Object(Illuminate\\Http\\Request))
#58 /home/u203739344/domains/erpvip.com.br/public_html/paranaluto/vendor/laravel/framework/src/Illuminate/Routing/Router.php(623): Illuminate\\Routing\\Router->runRoute(Object(Illuminate\\Http\\Request), Object(Illuminate\\Routing\\Route))
#59 /home/u203739344/domains/erpvip.com.br/public_html/paranaluto/vendor/laravel/framework/src/Illuminate/Routing/Router.php(612): Illuminate\\Routing\\Router->dispatchToRoute(Object(Illuminate\\Http\\Request))
#60 /home/u203739344/domains/erpvip.com.br/public_html/paranaluto/vendor/laravel/framework/src/Illuminate/Foundation/Http/Kernel.php(176): Illuminate\\Routing\\Router->dispatch(Object(Illuminate\\Http\\Request))
#61 /home/u203739344/domains/erpvip.com.br/public_html/paranaluto/vendor/laravel/framework/src/Illuminate/Routing/Pipeline.php(30): Illuminate\\Foundation\\Http\\Kernel->Illuminate\\Foundation\\Http\\{closure}(Object(Illuminate\\Http\\Request))
#62 /home/u203739344/domains/erpvip.com.br/public_html/paranaluto/vendor/fideloper/proxy/src/TrustProxies.php(57): Illuminate\\Routing\\Pipeline->Illuminate\\Routing\\{closure}(Object(Illuminate\\Http\\Request))
#63 /home/u203739344/domains/erpvip.com.br/public_html/paranaluto/vendor/laravel/framework/src/Illuminate/Pipeline/Pipeline.php(163): Fideloper\\Proxy\\TrustProxies->handle(Object(Illuminate\\Http\\Request), Object(Closure))
#64 /home/u203739344/domains/erpvip.com.br/public_html/paranaluto/vendor/laravel/framework/src/Illuminate/Routing/Pipeline.php(53): Illuminate\\Pipeline\\Pipeline->Illuminate\\Pipeline\\{closure}(Object(Illuminate\\Http\\Request))
#65 /home/u203739344/domains/erpvip.com.br/public_html/paranaluto/vendor/laravel/framework/src/Illuminate/Foundation/Http/Middleware/TransformsRequest.php(21): Illuminate\\Routing\\Pipeline->Illuminate\\Routing\\{closure}(Object(Illuminate\\Http\\Request))
#66 /home/u203739344/domains/erpvip.com.br/public_html/paranaluto/vendor/laravel/framework/src/Illuminate/Pipeline/Pipeline.php(163): Illuminate\\Foundation\\Http\\Middleware\\TransformsRequest->handle(Object(Illuminate\\Http\\Request), Object(Closure))
#67 /home/u203739344/domains/erpvip.com.br/public_html/paranaluto/vendor/laravel/framework/src/Illuminate/Routing/Pipeline.php(53): Illuminate\\Pipeline\\Pipeline->Illuminate\\Pipeline\\{closure}(Object(Illuminate\\Http\\Request))
#68 /home/u203739344/domains/erpvip.com.br/public_html/paranaluto/vendor/laravel/framework/src/Illuminate/Foundation/Http/Middleware/TransformsRequest.php(21): Illuminate\\Routing\\Pipeline->Illuminate\\Routing\\{closure}(Object(Illuminate\\Http\\Request))
#69 /home/u203739344/domains/erpvip.com.br/public_html/paranaluto/vendor/laravel/framework/src/Illuminate/Pipeline/Pipeline.php(163): Illuminate\\Foundation\\Http\\Middleware\\TransformsRequest->handle(Object(Illuminate\\Http\\Request), Object(Closure))
#70 /home/u203739344/domains/erpvip.com.br/public_html/paranaluto/vendor/laravel/framework/src/Illuminate/Routing/Pipeline.php(53): Illuminate\\Pipeline\\Pipeline->Illuminate\\Pipeline\\{closure}(Object(Illuminate\\Http\\Request))
#71 /home/u203739344/domains/erpvip.com.br/public_html/paranaluto/vendor/laravel/framework/src/Illuminate/Foundation/Http/Middleware/ValidatePostSize.php(27): Illuminate\\Routing\\Pipeline->Illuminate\\Routing\\{closure}(Object(Illuminate\\Http\\Request))
#72 /home/u203739344/domains/erpvip.com.br/public_html/paranaluto/vendor/laravel/framework/src/Illuminate/Pipeline/Pipeline.php(163): Illuminate\\Foundation\\Http\\Middleware\\ValidatePostSize->handle(Object(Illuminate\\Http\\Request), Object(Closure))
#73 /home/u203739344/domains/erpvip.com.br/public_html/paranaluto/vendor/laravel/framework/src/Illuminate/Routing/Pipeline.php(53): Illuminate\\Pipeline\\Pipeline->Illuminate\\Pipeline\\{closure}(Object(Illuminate\\Http\\Request))
#74 /home/u203739344/domains/erpvip.com.br/public_html/paranaluto/vendor/laravel/framework/src/Illuminate/Foundation/Http/Middleware/CheckForMaintenanceMode.php(62): Illuminate\\Routing\\Pipeline->Illuminate\\Routing\\{closure}(Object(Illuminate\\Http\\Request))
#75 /home/u203739344/domains/erpvip.com.br/public_html/paranaluto/vendor/laravel/framework/src/Illuminate/Pipeline/Pipeline.php(163): Illuminate\\Foundation\\Http\\Middleware\\CheckForMaintenanceMode->handle(Object(Illuminate\\Http\\Request), Object(Closure))
#76 /home/u203739344/domains/erpvip.com.br/public_html/paranaluto/vendor/laravel/framework/src/Illuminate/Routing/Pipeline.php(53): Illuminate\\Pipeline\\Pipeline->Illuminate\\Pipeline\\{closure}(Object(Illuminate\\Http\\Request))
#77 /home/u203739344/domains/erpvip.com.br/public_html/paranaluto/vendor/laravel/framework/src/Illuminate/Pipeline/Pipeline.php(104): Illuminate\\Routing\\Pipeline->Illuminate\\Routing\\{closure}(Object(Illuminate\\Http\\Request))
#78 /home/u203739344/domains/erpvip.com.br/public_html/paranaluto/vendor/laravel/framework/src/Illuminate/Foundation/Http/Kernel.php(151): Illuminate\\Pipeline\\Pipeline->then(Object(Closure))
#79 /home/u203739344/domains/erpvip.com.br/public_html/paranaluto/vendor/laravel/framework/src/Illuminate/Foundation/Http/Kernel.php(116): Illuminate\\Foundation\\Http\\Kernel->sendRequestThroughRouter(Object(Illuminate\\Http\\Request))
#80 /home/u203739344/domains/erpvip.com.br/public_html/paranaluto/public/index.php(55): Illuminate\\Foundation\\Http\\Kernel->handle(Object(Illuminate\\Http\\Request))
#81 {main}
"} 
[2022-02-09 11:41:58] production.ERROR: Invalid characters passed for attempted conversion, these have been ignored {"userId":2,"exception":"[object] (ErrorException(code: 0): Invalid characters passed for attempted conversion, these have been ignored at /home/u203739344/domains/erpvip.com.br/public_html/paranaluto/vendor/dompdf/dompdf/lib/Cpdf.php:2545)
[stacktrace]
#0 [internal function]: Illuminate\\Foundation\\Bootstrap\\HandleExceptions->handleError(8192, 'Invalid charact...', '/home/u20373934...', 2545, Array)
#1 /home/u203739344/domains/erpvip.com.br/public_html/paranaluto/vendor/dompdf/dompdf/lib/Cpdf.php(2545): hexdec('space')
#2 /home/u203739344/domains/erpvip.com.br/public_html/paranaluto/vendor/dompdf/dompdf/lib/Cpdf.php(2669): Cpdf->openFont('/home/u20373934...')
#3 /home/u203739344/domains/erpvip.com.br/public_html/paranaluto/vendor/dompdf/dompdf/src/Adapter/CPDF.php(986): Cpdf->selectFont('/home/u20373934...')
#4 /home/u203739344/domains/erpvip.com.br/public_html/paranaluto/vendor/dompdf/dompdf/src/FontMetrics.php(280): Dompdf\\Adapter\\CPDF->get_text_width('Rel\\xC3\\xA1torio', '/home/u20373934...', 9, 0, 0)
#5 /home/u203739344/domains/erpvip.com.br/public_html/paranaluto/vendor/dompdf/dompdf/src/FrameReflower/Text.php(414): Dompdf\\FontMetrics->getTextWidth('Rel\\xC3\\xA1torio', '/home/u20373934...', 9, 0, 0)
#6 [internal function]: Dompdf\\FrameReflower\\Text->Dompdf\\FrameReflower\\{closure}(0, 'Rel\\xC3\\xA1torio')
#7 /home/u203739344/domains/erpvip.com.br/public_html/paranaluto/vendor/dompdf/dompdf/src/FrameReflower/Text.php(415): array_walk(Array, Object(Closure))
#8 /home/u203739344/domains/erpvip.com.br/public_html/paranaluto/vendor/dompdf/dompdf/src/FrameDecorator/AbstractFrameDecorator.php(903): Dompdf\\FrameReflower\\Text->get_min_max_width()
#9 /home/u203739344/domains/erpvip.com.br/public_html/paranaluto/vendor/dompdf/dompdf/src/FrameReflower/AbstractFrameReflower.php(248): Dompdf\\FrameDecorator\\AbstractFrameDecorator->get_min_max_width()
#10 /home/u203739344/domains/erpvip.com.br/public_html/paranaluto/vendor/dompdf/dompdf/src/FrameDecorator/AbstractFrameDecorator.php(903): Dompdf\\FrameReflower\\AbstractFrameReflower->get_min_max_width()
#11 /home/u203739344/domains/erpvip.com.br/public_html/paranaluto/vendor/dompdf/dompdf/src/Cellmap.php(645): Dompdf\\FrameDecorator\\AbstractFrameDecorator->get_min_max_width()
#12 /home/u203739344/domains/erpvip.com.br/public_html/paranaluto/vendor/dompdf/dompdf/src/Cellmap.php(518): Dompdf\\Cellmap->add_frame(Object(Dompdf\\FrameDecorator\\TableCell))
#13 /home/u203739344/domains/erpvip.com.br/public_html/paranaluto/vendor/dompdf/dompdf/src/Cellmap.php(518): Dompdf\\Cellmap->add_frame(Object(Dompdf\\FrameDecorator\\TableRow))
#14 /home/u203739344/domains/erpvip.com.br/public_html/paranaluto/vendor/dompdf/dompdf/src/Cellmap.php(518): Dompdf\\Cellmap->add_frame(Object(Dompdf\\FrameDecorator\\TableRowGroup))
#15 /home/u203739344/domains/erpvip.com.br/public_html/paranaluto/vendor/dompdf/dompdf/src/FrameReflower/Table.php(532): Dompdf\\Cellmap->add_frame(Object(Dompdf\\FrameDecorator\\Table))
#16 /home/u203739344/domains/erpvip.com.br/public_html/paranaluto/vendor/dompdf/dompdf/src/FrameReflower/Table.php(408): Dompdf\\FrameReflower\\Table->get_min_max_width()
#17 /home/u203739344/domains/erpvip.com.br/public_html/paranaluto/vendor/dompdf/dompdf/src/FrameDecorator/AbstractFrameDecorator.php(895): Dompdf\\FrameReflower\\Table->reflow(Object(Dompdf\\FrameDecorator\\Block))
#18 /home/u203739344/domains/erpvip.com.br/public_html/paranaluto/vendor/dompdf/dompdf/src/FrameReflower/Block.php(845): Dompdf\\FrameDecorator\\AbstractFrameDecorator->reflow(Object(Dompdf\\FrameDecorator\\Block))
#19 /home/u203739344/domains/erpvip.com.br/public_html/paranaluto/vendor/dompdf/dompdf/src/FrameDecorator/AbstractFrameDecorator.php(895): Dompdf\\FrameReflower\\Block->reflow(NULL)
#20 /home/u203739344/domains/erpvip.com.br/public_html/paranaluto/vendor/dompdf/dompdf/src/FrameReflower/Page.php(141): Dompdf\\FrameDecorator\\AbstractFrameDecorator->reflow()
#21 /home/u203739344/domains/erpvip.com.br/public_html/paranaluto/vendor/dompdf/dompdf/src/FrameDecorator/AbstractFrameDecorator.php(895): Dompdf\\FrameReflower\\Page->reflow(NULL)
#22 /home/u203739344/domains/erpvip.com.br/public_html/paranaluto/vendor/dompdf/dompdf/src/Dompdf.php(847): Dompdf\\FrameDecorator\\AbstractFrameDecorator->reflow()
#23 /home/u203739344/domains/erpvip.com.br/public_html/paranaluto/vendor/barryvdh/laravel-dompdf/src/PDF.php(195): Dompdf\\Dompdf->render()
#24 /home/u203739344/domains/erpvip.com.br/public_html/paranaluto/vendor/barryvdh/laravel-dompdf/src/PDF.php(142): Barryvdh\\DomPDF\\PDF->render()
#25 /home/u203739344/domains/erpvip.com.br/public_html/paranaluto/vendor/barryvdh/laravel-dompdf/src/PDF.php(180): Barryvdh\\DomPDF\\PDF->output()
#26 /home/u203739344/domains/erpvip.com.br/public_html/paranaluto/app/Http/Controllers/RelctapagarController.php(64): Barryvdh\\DomPDF\\PDF->stream()
#27 [internal function]: App\\Http\\Controllers\\RelctapagarController->impctapagar(Object(Illuminate\\Http\\Request))
#28 /home/u203739344/domains/erpvip.com.br/public_html/paranaluto/vendor/laravel/framework/src/Illuminate/Routing/Controller.php(54): call_user_func_array(Array, Array)
#29 /home/u203739344/domains/erpvip.com.br/public_html/paranaluto/vendor/laravel/framework/src/Illuminate/Routing/ControllerDispatcher.php(45): Illuminate\\Routing\\Controller->callAction('impctapagar', Array)
#30 /home/u203739344/domains/erpvip.com.br/public_html/paranaluto/vendor/laravel/framework/src/Illuminate/Routing/Route.php(219): Illuminate\\Routing\\ControllerDispatcher->dispatch(Object(Illuminate\\Routing\\Route), Object(App\\Http\\Controllers\\RelctapagarController), 'impctapagar')
#31 /home/u203739344/domains/erpvip.com.br/public_html/paranaluto/vendor/laravel/framework/src/Illuminate/Routing/Route.php(176): Illuminate\\Routing\\Route->runController()
#32 /home/u203739344/domains/erpvip.com.br/public_html/paranaluto/vendor/laravel/framework/src/Illuminate/Routing/Router.php(680): Illuminate\\Routing\\Route->run()
#33 /home/u203739344/domains/erpvip.com.br/public_html/paranaluto/vendor/laravel/framework/src/Illuminate/Routing/Pipeline.php(30): Illuminate\\Routing\\Router->Illuminate\\Routing\\{closure}(Object(Illuminate\\Http\\Request))
#34 /home/u203739344/domains/erpvip.com.br/public_html/paranaluto/vendor/laravel/framework/src/Illuminate/Routing/Middleware/SubstituteBindings.php(41): Illuminate\\Routing\\Pipeline->Illuminate\\Routing\\{closure}(Object(Illuminate\\Http\\Request))
#35 /home/u203739344/domains/erpvip.com.br/public_html/paranaluto/vendor/laravel/framework/src/Illuminate/Pipeline/Pipeline.php(163): Illuminate\\Routing\\Middleware\\SubstituteBindings->handle(Object(Illuminate\\Http\\Request), Object(Closure))
#36 /home/u203739344/domains/erpvip.com.br/public_html/paranaluto/vendor/laravel/framework/src/Illuminate/Routing/Pipeline.php(53): Illuminate\\Pipeline\\Pipeline->Illuminate\\Pipeline\\{closure}(Object(Illuminate\\Http\\Request))
#37 /home/u203739344/domains/erpvip.com.br/public_html/paranaluto/vendor/laravel/framework/src/Illuminate/Auth/Middleware/Authenticate.php(43): Illuminate\\Routing\\Pipeline->Illuminate\\Routing\\{closure}(Object(Illuminate\\Http\\Request))
#38 /home/u203739344/domains/erpvip.com.br/public_html/paranaluto/vendor/laravel/framework/src/Illuminate/Pipeline/Pipeline.php(163): Illuminate\\Auth\\Middleware\\Authenticate->handle(Object(Illuminate\\Http\\Request), Object(Closure))
#39 /home/u203739344/domains/erpvip.com.br/public_html/paranaluto/vendor/laravel/framework/src/Illuminate/Routing/Pipeline.php(53): Illuminate\\Pipeline\\Pipeline->Illuminate\\Pipeline\\{closure}(Object(Illuminate\\Http\\Request))
#40 /home/u203739344/domains/erpvip.com.br/public_html/paranaluto/vendor/laravel/framework/src/Illuminate/Foundation/Http/Middleware/VerifyCsrfToken.php(75): Illuminate\\Routing\\Pipeline->Illuminate\\Routing\\{closure}(Object(Illuminate\\Http\\Request))
#41 /home/u203739344/domains/erpvip.com.br/public_html/paranaluto/vendor/laravel/framework/src/Illuminate/Pipeline/Pipeline.php(163): Illuminate\\Foundation\\Http\\Middleware\\VerifyCsrfToken->handle(Object(Illuminate\\Http\\Request), Object(Closure))
#42 /home/u203739344/domains/erpvip.com.br/public_html/paranaluto/vendor/laravel/framework/src/Illuminate/Routing/Pipeline.php(53): Illuminate\\Pipeline\\Pipeline->Illuminate\\Pipeline\\{closure}(Object(Illuminate\\Http\\Request))
#43 /home/u203739344/domains/erpvip.com.br/public_html/paranaluto/vendor/laravel/framework/src/Illuminate/View/Middleware/ShareErrorsFromSession.php(49): Illuminate\\Routing\\Pipeline->Illuminate\\Routing\\{closure}(Object(Illuminate\\Http\\Request))
#44 /home/u203739344/domains/erpvip.com.br/public_html/paranaluto/vendor/laravel/framework/src/Illuminate/Pipeline/Pipeline.php(163): Illuminate\\View\\Middleware\\ShareErrorsFromSession->handle(Object(Illuminate\\Http\\Request), Object(Closure))
#45 /home/u203739344/domains/erpvip.com.br/public_html/paranaluto/vendor/laravel/framework/src/Illuminate/Routing/Pipeline.php(53): Illuminate\\Pipeline\\Pipeline->Illuminate\\Pipeline\\{closure}(Object(Illuminate\\Http\\Request))
#46 /home/u203739344/domains/erpvip.com.br/public_html/paranaluto/vendor/laravel/framework/src/Illuminate/Session/Middleware/StartSession.php(56): Illuminate\\Routing\\Pipeline->Illuminate\\Routing\\{closure}(Object(Illuminate\\Http\\Request))
#47 /home/u203739344/domains/erpvip.com.br/public_html/paranaluto/vendor/laravel/framework/src/Illuminate/Pipeline/Pipeline.php(163): Illuminate\\Session\\Middleware\\StartSession->handle(Object(Illuminate\\Http\\Request), Object(Closure))
#48 /home/u203739344/domains/erpvip.com.br/public_html/paranaluto/vendor/laravel/framework/src/Illuminate/Routing/Pipeline.php(53): Illuminate\\Pipeline\\Pipeline->Illuminate\\Pipeline\\{closure}(Object(Illuminate\\Http\\Request))
#49 /home/u203739344/domains/erpvip.com.br/public_html/paranaluto/vendor/laravel/framework/src/Illuminate/Cookie/Middleware/AddQueuedCookiesToResponse.php(37): Illuminate\\Routing\\Pipeline->Illuminate\\Routing\\{closure}(Object(Illuminate\\Http\\Request))
#50 /home/u203739344/domains/erpvip.com.br/public_html/paranaluto/vendor/laravel/framework/src/Illuminate/Pipeline/Pipeline.php(163): Illuminate\\Cookie\\Middleware\\AddQueuedCookiesToResponse->handle(Object(Illuminate\\Http\\Request), Object(Closure))
#51 /home/u203739344/domains/erpvip.com.br/public_html/paranaluto/vendor/laravel/framework/src/Illuminate/Routing/Pipeline.php(53): Illuminate\\Pipeline\\Pipeline->Illuminate\\Pipeline\\{closure}(Object(Illuminate\\Http\\Request))
#52 /home/u203739344/domains/erpvip.com.br/public_html/paranaluto/vendor/laravel/framework/src/Illuminate/Cookie/Middleware/EncryptCookies.php(66): Illuminate\\Routing\\Pipeline->Illuminate\\Routing\\{closure}(Object(Illuminate\\Http\\Request))
#53 /home/u203739344/domains/erpvip.com.br/public_html/paranaluto/vendor/laravel/framework/src/Illuminate/Pipeline/Pipeline.php(163): Illuminate\\Cookie\\Middleware\\EncryptCookies->handle(Object(Illuminate\\Http\\Request), Object(Closure))
#54 /home/u203739344/domains/erpvip.com.br/public_html/paranaluto/vendor/laravel/framework/src/Illuminate/Routing/Pipeline.php(53): Illuminate\\Pipeline\\Pipeline->Illuminate\\Pipeline\\{closure}(Object(Illuminate\\Http\\Request))
#55 /home/u203739344/domains/erpvip.com.br/public_html/paranaluto/vendor/laravel/framework/src/Illuminate/Pipeline/Pipeline.php(104): Illuminate\\Routing\\Pipeline->Illuminate\\Routing\\{closure}(Object(Illuminate\\Http\\Request))
#56 /home/u203739344/domains/erpvip.com.br/public_html/paranaluto/vendor/laravel/framework/src/Illuminate/Routing/Router.php(682): Illuminate\\Pipeline\\Pipeline->then(Object(Closure))
#57 /home/u203739344/domains/erpvip.com.br/public_html/paranaluto/vendor/laravel/framework/src/Illuminate/Routing/Router.php(657): Illuminate\\Routing\\Router->runRouteWithinStack(Object(Illuminate\\Routing\\Route), Object(Illuminate\\Http\\Request))
#58 /home/u203739344/domains/erpvip.com.br/public_html/paranaluto/vendor/laravel/framework/src/Illuminate/Routing/Router.php(623): Illuminate\\Routing\\Router->runRoute(Object(Illuminate\\Http\\Request), Object(Illuminate\\Routing\\Route))
#59 /home/u203739344/domains/erpvip.com.br/public_html/paranaluto/vendor/laravel/framework/src/Illuminate/Routing/Router.php(612): Illuminate\\Routing\\Router->dispatchToRoute(Object(Illuminate\\Http\\Request))
#60 /home/u203739344/domains/erpvip.com.br/public_html/paranaluto/vendor/laravel/framework/src/Illuminate/Foundation/Http/Kernel.php(176): Illuminate\\Routing\\Router->dispatch(Object(Illuminate\\Http\\Request))
#61 /home/u203739344/domains/erpvip.com.br/public_html/paranaluto/vendor/laravel/framework/src/Illuminate/Routing/Pipeline.php(30): Illuminate\\Foundation\\Http\\Kernel->Illuminate\\Foundation\\Http\\{closure}(Object(Illuminate\\Http\\Request))
#62 /home/u203739344/domains/erpvip.com.br/public_html/paranaluto/vendor/fideloper/proxy/src/TrustProxies.php(57): Illuminate\\Routing\\Pipeline->Illuminate\\Routing\\{closure}(Object(Illuminate\\Http\\Request))
#63 /home/u203739344/domains/erpvip.com.br/public_html/paranaluto/vendor/laravel/framework/src/Illuminate/Pipeline/Pipeline.php(163): Fideloper\\Proxy\\TrustProxies->handle(Object(Illuminate\\Http\\Request), Object(Closure))
#64 /home/u203739344/domains/erpvip.com.br/public_html/paranaluto/vendor/laravel/framework/src/Illuminate/Routing/Pipeline.php(53): Illuminate\\Pipeline\\Pipeline->Illuminate\\Pipeline\\{closure}(Object(Illuminate\\Http\\Request))
#65 /home/u203739344/domains/erpvip.com.br/public_html/paranaluto/vendor/laravel/framework/src/Illuminate/Foundation/Http/Middleware/TransformsRequest.php(21): Illuminate\\Routing\\Pipeline->Illuminate\\Routing\\{closure}(Object(Illuminate\\Http\\Request))
#66 /home/u203739344/domains/erpvip.com.br/public_html/paranaluto/vendor/laravel/framework/src/Illuminate/Pipeline/Pipeline.php(163): Illuminate\\Foundation\\Http\\Middleware\\TransformsRequest->handle(Object(Illuminate\\Http\\Request), Object(Closure))
#67 /home/u203739344/domains/erpvip.com.br/public_html/paranaluto/vendor/laravel/framework/src/Illuminate/Routing/Pipeline.php(53): Illuminate\\Pipeline\\Pipeline->Illuminate\\Pipeline\\{closure}(Object(Illuminate\\Http\\Request))
#68 /home/u203739344/domains/erpvip.com.br/public_html/paranaluto/vendor/laravel/framework/src/Illuminate/Foundation/Http/Middleware/TransformsRequest.php(21): Illuminate\\Routing\\Pipeline->Illuminate\\Routing\\{closure}(Object(Illuminate\\Http\\Request))
#69 /home/u203739344/domains/erpvip.com.br/public_html/paranaluto/vendor/laravel/framework/src/Illuminate/Pipeline/Pipeline.php(163): Illuminate\\Foundation\\Http\\Middleware\\TransformsRequest->handle(Object(Illuminate\\Http\\Request), Object(Closure))
#70 /home/u203739344/domains/erpvip.com.br/public_html/paranaluto/vendor/laravel/framework/src/Illuminate/Routing/Pipeline.php(53): Illuminate\\Pipeline\\Pipeline->Illuminate\\Pipeline\\{closure}(Object(Illuminate\\Http\\Request))
#71 /home/u203739344/domains/erpvip.com.br/public_html/paranaluto/vendor/laravel/framework/src/Illuminate/Foundation/Http/Middleware/ValidatePostSize.php(27): Illuminate\\Routing\\Pipeline->Illuminate\\Routing\\{closure}(Object(Illuminate\\Http\\Request))
#72 /home/u203739344/domains/erpvip.com.br/public_html/paranaluto/vendor/laravel/framework/src/Illuminate/Pipeline/Pipeline.php(163): Illuminate\\Foundation\\Http\\Middleware\\ValidatePostSize->handle(Object(Illuminate\\Http\\Request), Object(Closure))
#73 /home/u203739344/domains/erpvip.com.br/public_html/paranaluto/vendor/laravel/framework/src/Illuminate/Routing/Pipeline.php(53): Illuminate\\Pipeline\\Pipeline->Illuminate\\Pipeline\\{closure}(Object(Illuminate\\Http\\Request))
#74 /home/u203739344/domains/erpvip.com.br/public_html/paranaluto/vendor/laravel/framework/src/Illuminate/Foundation/Http/Middleware/CheckForMaintenanceMode.php(62): Illuminate\\Routing\\Pipeline->Illuminate\\Routing\\{closure}(Object(Illuminate\\Http\\Request))
#75 /home/u203739344/domains/erpvip.com.br/public_html/paranaluto/vendor/laravel/framework/src/Illuminate/Pipeline/Pipeline.php(163): Illuminate\\Foundation\\Http\\Middleware\\CheckForMaintenanceMode->handle(Object(Illuminate\\Http\\Request), Object(Closure))
#76 /home/u203739344/domains/erpvip.com.br/public_html/paranaluto/vendor/laravel/framework/src/Illuminate/Routing/Pipeline.php(53): Illuminate\\Pipeline\\Pipeline->Illuminate\\Pipeline\\{closure}(Object(Illuminate\\Http\\Request))
#77 /home/u203739344/domains/erpvip.com.br/public_html/paranaluto/vendor/laravel/framework/src/Illuminate/Pipeline/Pipeline.php(104): Illuminate\\Routing\\Pipeline->Illuminate\\Routing\\{closure}(Object(Illuminate\\Http\\Request))
#78 /home/u203739344/domains/erpvip.com.br/public_html/paranaluto/vendor/laravel/framework/src/Illuminate/Foundation/Http/Kernel.php(151): Illuminate\\Pipeline\\Pipeline->then(Object(Closure))
#79 /home/u203739344/domains/erpvip.com.br/public_html/paranaluto/vendor/laravel/framework/src/Illuminate/Foundation/Http/Kernel.php(116): Illuminate\\Foundation\\Http\\Kernel->sendRequestThroughRouter(Object(Illuminate\\Http\\Request))
#80 /home/u203739344/domains/erpvip.com.br/public_html/paranaluto/public/index.php(55): Illuminate\\Foundation\\Http\\Kernel->handle(Object(Illuminate\\Http\\Request))
#81 {main}
"} 
